{"C:\\Users\\tntma\\personal-projects\\Dog-Clothing-Store\\shopping-cart\\src\\components\\utils\\cartUtils.js":{"path":"C:\\Users\\tntma\\personal-projects\\Dog-Clothing-Store\\shopping-cart\\src\\components\\utils\\cartUtils.js","statementMap":{"0":{"start":{"line":3,"column":0},"end":{"line":5,"column":3}},"1":{"start":{"line":6,"column":0},"end":{"line":6,"column":58}},"2":{"start":{"line":7,"column":21},"end":{"line":11,"column":1}},"3":{"start":{"line":8,"column":2},"end":{"line":10,"column":8}},"4":{"start":{"line":9,"column":4},"end":{"line":9,"column":40}},"5":{"start":{"line":12,"column":0},"end":{"line":12,"column":40}},"6":{"start":{"line":13,"column":22},"end":{"line":17,"column":1}},"7":{"start":{"line":14,"column":2},"end":{"line":16,"column":8}},"8":{"start":{"line":15,"column":4},"end":{"line":15,"column":27}},"9":{"start":{"line":18,"column":0},"end":{"line":18,"column":42}}},"fnMap":{"0":{"name":"calculateTotal","decl":{"start":{"line":7,"column":30},"end":{"line":7,"column":44}},"loc":{"start":{"line":7,"column":51},"end":{"line":11,"column":1}},"line":7},"1":{"name":"(anonymous_1)","decl":{"start":{"line":8,"column":21},"end":{"line":8,"column":22}},"loc":{"start":{"line":8,"column":43},"end":{"line":10,"column":3}},"line":8},"2":{"name":"calculateLength","decl":{"start":{"line":13,"column":31},"end":{"line":13,"column":46}},"loc":{"start":{"line":13,"column":53},"end":{"line":17,"column":1}},"line":13},"3":{"name":"(anonymous_3)","decl":{"start":{"line":14,"column":21},"end":{"line":14,"column":22}},"loc":{"start":{"line":14,"column":43},"end":{"line":16,"column":3}},"line":14}},"branchMap":{},"s":{"0":1,"1":1,"2":1,"3":4,"4":5,"5":1,"6":1,"7":3,"8":4,"9":1},"f":{"0":4,"1":5,"2":3,"3":4},"b":{},"inputSourceMap":{"version":3,"names":["calculateTotal","cart","reduce","prev","curr","qty","price","exports","calculateLength"],"sourceRoot":"C:\\Users\\tntma\\personal-projects\\Dog-Clothing-Store\\shopping-cart\\src\\components\\utils\\","sources":["cartUtils.js"],"sourcesContent":["export const calculateTotal = (cart) => {\r\n    return cart.reduce((prev, curr) => prev + (curr.qty * curr.price), 0);\r\n  };\r\n  \r\n  export const calculateLength = (cart) => {\r\n    return cart.reduce((prev, curr) => prev + curr.qty, 0);\r\n  };"],"mappings":";;;;;;AAAO,IAAMA,cAAc,GAAG,SAAjBA,cAAcA,CAAIC,IAAI,EAAK;EACpC,OAAOA,IAAI,CAACC,MAAM,CAAC,UAACC,IAAI,EAAEC,IAAI;IAAA,OAAKD,IAAI,GAAIC,IAAI,CAACC,GAAG,GAAGD,IAAI,CAACE,KAAM;EAAA,GAAE,CAAC,CAAC;AACvE,CAAC;AAACC,OAAA,CAAAP,cAAA,GAAAA,cAAA;AAEK,IAAMQ,eAAe,GAAG,SAAlBA,eAAeA,CAAIP,IAAI,EAAK;EACvC,OAAOA,IAAI,CAACC,MAAM,CAAC,UAACC,IAAI,EAAEC,IAAI;IAAA,OAAKD,IAAI,GAAGC,IAAI,CAACC,GAAG;EAAA,GAAE,CAAC,CAAC;AACxD,CAAC;AAACE,OAAA,CAAAC,eAAA,GAAAA,eAAA"},"_coverageSchema":"1a1c01bbd47fc00a2c39e90264f33305004495a9","hash":"b940085e2b5a4af29b6aa82b3476fabec1561f94","contentHash":"7ff4f5105854da073fe1a0efa3136e99d33c5e029440d1b903c5120863c51005"},"C:\\Users\\tntma\\personal-projects\\Dog-Clothing-Store\\shopping-cart\\src\\components\\utils\\firestoreUtils.js":{"path":"C:\\Users\\tntma\\personal-projects\\Dog-Clothing-Store\\shopping-cart\\src\\components\\utils\\firestoreUtils.js","statementMap":{"0":{"start":{"line":3,"column":51},"end":{"line":3,"column":334}},"1":{"start":{"line":3,"column":153},"end":{"line":3,"column":171}},"2":{"start":{"line":3,"column":193},"end":{"line":3,"column":317}},"3":{"start":{"line":4,"column":0},"end":{"line":6,"column":3}},"4":{"start":{"line":7,"column":0},"end":{"line":7,"column":198}},"5":{"start":{"line":8,"column":17},"end":{"line":8,"column":46}},"6":{"start":{"line":9,"column":16},"end":{"line":9,"column":31}},"7":{"start":{"line":10,"column":54},"end":{"line":10,"column":73}},"8":{"start":{"line":10,"column":75},"end":{"line":10,"column":326}},"9":{"start":{"line":10,"column":125},"end":{"line":10,"column":161}},"10":{"start":{"line":10,"column":163},"end":{"line":10,"column":324}},"11":{"start":{"line":10,"column":224},"end":{"line":10,"column":287}},"12":{"start":{"line":10,"column":327},"end":{"line":10,"column":339}},"13":{"start":{"line":11,"column":33},"end":{"line":11,"column":489}},"14":{"start":{"line":11,"column":46},"end":{"line":11,"column":47}},"15":{"start":{"line":11,"column":91},"end":{"line":11,"column":131}},"16":{"start":{"line":11,"column":133},"end":{"line":11,"column":487}},"17":{"start":{"line":11,"column":194},"end":{"line":11,"column":236}},"18":{"start":{"line":11,"column":402},"end":{"line":11,"column":483}},"19":{"start":{"line":11,"column":490},"end":{"line":11,"column":504}},"20":{"start":{"line":12,"column":44},"end":{"line":12,"column":70}},"21":{"start":{"line":12,"column":71},"end":{"line":12,"column":222}},"22":{"start":{"line":12,"column":89},"end":{"line":12,"column":193}},"23":{"start":{"line":12,"column":203},"end":{"line":12,"column":220}},"24":{"start":{"line":12,"column":223},"end":{"line":12,"column":234}},"25":{"start":{"line":13,"column":41},"end":{"line":13,"column":68}},"26":{"start":{"line":13,"column":70},"end":{"line":13,"column":123}},"27":{"start":{"line":14,"column":37},"end":{"line":14,"column":101}},"28":{"start":{"line":14,"column":88},"end":{"line":14,"column":101}},"29":{"start":{"line":14,"column":113},"end":{"line":14,"column":138}},"30":{"start":{"line":14,"column":140},"end":{"line":14,"column":326}},"31":{"start":{"line":14,"column":176},"end":{"line":14,"column":211}},"32":{"start":{"line":14,"column":213},"end":{"line":14,"column":255}},"33":{"start":{"line":14,"column":244},"end":{"line":14,"column":255}},"34":{"start":{"line":14,"column":256},"end":{"line":14,"column":324}},"35":{"start":{"line":14,"column":327},"end":{"line":14,"column":379}},"36":{"start":{"line":15,"column":54},"end":{"line":15,"column":84}},"37":{"start":{"line":15,"column":74},"end":{"line":15,"column":84}},"38":{"start":{"line":15,"column":98},"end":{"line":15,"column":145}},"39":{"start":{"line":15,"column":159},"end":{"line":15,"column":475}},"40":{"start":{"line":15,"column":218},"end":{"line":15,"column":254}},"41":{"start":{"line":15,"column":256},"end":{"line":15,"column":473}},"42":{"start":{"line":15,"column":304},"end":{"line":15,"column":330}},"43":{"start":{"line":15,"column":331},"end":{"line":15,"column":372}},"44":{"start":{"line":15,"column":363},"end":{"line":15,"column":372}},"45":{"start":{"line":15,"column":373},"end":{"line":15,"column":444}},"46":{"start":{"line":15,"column":435},"end":{"line":15,"column":444}},"47":{"start":{"line":15,"column":445},"end":{"line":15,"column":471}},"48":{"start":{"line":15,"column":476},"end":{"line":15,"column":490}},"49":{"start":{"line":16,"column":59},"end":{"line":16,"column":89}},"50":{"start":{"line":16,"column":79},"end":{"line":16,"column":89}},"51":{"start":{"line":16,"column":103},"end":{"line":16,"column":105}},"52":{"start":{"line":16,"column":124},"end":{"line":16,"column":143}},"53":{"start":{"line":16,"column":157},"end":{"line":16,"column":290}},"54":{"start":{"line":16,"column":199},"end":{"line":16,"column":219}},"55":{"start":{"line":16,"column":220},"end":{"line":16,"column":261}},"56":{"start":{"line":16,"column":252},"end":{"line":16,"column":261}},"57":{"start":{"line":16,"column":262},"end":{"line":16,"column":288}},"58":{"start":{"line":16,"column":291},"end":{"line":16,"column":305}},"59":{"start":{"line":17,"column":196},"end":{"line":17,"column":269}},"60":{"start":{"line":17,"column":251},"end":{"line":17,"column":266}},"61":{"start":{"line":17,"column":284},"end":{"line":17,"column":286}},"62":{"start":{"line":17,"column":293},"end":{"line":17,"column":309}},"63":{"start":{"line":17,"column":320},"end":{"line":17,"column":337}},"64":{"start":{"line":17,"column":356},"end":{"line":17,"column":433}},"65":{"start":{"line":17,"column":409},"end":{"line":17,"column":431}},"66":{"start":{"line":17,"column":445},"end":{"line":17,"column":486}},"67":{"start":{"line":17,"column":505},"end":{"line":17,"column":537}},"68":{"start":{"line":17,"column":561},"end":{"line":17,"column":603}},"69":{"start":{"line":17,"column":625},"end":{"line":17,"column":663}},"70":{"start":{"line":17,"column":700},"end":{"line":17,"column":815}},"71":{"start":{"line":17,"column":818},"end":{"line":17,"column":929}},"72":{"start":{"line":17,"column":824},"end":{"line":17,"column":839}},"73":{"start":{"line":17,"column":856},"end":{"line":17,"column":927}},"74":{"start":{"line":17,"column":900},"end":{"line":17,"column":924}},"75":{"start":{"line":17,"column":1004},"end":{"line":17,"column":1075}},"76":{"start":{"line":17,"column":1089},"end":{"line":17,"column":1128}},"77":{"start":{"line":17,"column":1140},"end":{"line":17,"column":1170}},"78":{"start":{"line":17,"column":1172},"end":{"line":17,"column":1280}},"79":{"start":{"line":17,"column":1317},"end":{"line":17,"column":1427}},"80":{"start":{"line":17,"column":1323},"end":{"line":17,"column":1373}},"81":{"start":{"line":17,"column":1390},"end":{"line":17,"column":1425}},"82":{"start":{"line":17,"column":1430},"end":{"line":17,"column":1450}},"83":{"start":{"line":17,"column":1474},"end":{"line":17,"column":1476}},"84":{"start":{"line":17,"column":1599},"end":{"line":17,"column":1601}},"85":{"start":{"line":17,"column":1603},"end":{"line":17,"column":1675}},"86":{"start":{"line":17,"column":1659},"end":{"line":17,"column":1671}},"87":{"start":{"line":17,"column":1691},"end":{"line":17,"column":1712}},"88":{"start":{"line":17,"column":1740},"end":{"line":17,"column":1782}},"89":{"start":{"line":17,"column":1784},"end":{"line":17,"column":1947}},"90":{"start":{"line":17,"column":1957},"end":{"line":17,"column":2050}},"91":{"start":{"line":17,"column":2096},"end":{"line":17,"column":2236}},"92":{"start":{"line":17,"column":2152},"end":{"line":17,"column":2232}},"93":{"start":{"line":17,"column":2195},"end":{"line":17,"column":2228}},"94":{"start":{"line":17,"column":2349},"end":{"line":17,"column":2392}},"95":{"start":{"line":17,"column":2394},"end":{"line":17,"column":2886}},"96":{"start":{"line":17,"column":2438},"end":{"line":17,"column":2448}},"97":{"start":{"line":17,"column":2458},"end":{"line":17,"column":2470}},"98":{"start":{"line":17,"column":2472},"end":{"line":17,"column":2884}},"99":{"start":{"line":17,"column":2609},"end":{"line":17,"column":2648}},"100":{"start":{"line":17,"column":2669},"end":{"line":17,"column":2707}},"101":{"start":{"line":17,"column":2768},"end":{"line":17,"column":2810}},"102":{"start":{"line":17,"column":2833},"end":{"line":17,"column":2880}},"103":{"start":{"line":17,"column":2887},"end":{"line":17,"column":2906}},"104":{"start":{"line":17,"column":2930},"end":{"line":17,"column":3294}},"105":{"start":{"line":17,"column":3041},"end":{"line":17,"column":3134}},"106":{"start":{"line":17,"column":3093},"end":{"line":17,"column":3130}},"107":{"start":{"line":17,"column":3137},"end":{"line":17,"column":3288}},"108":{"start":{"line":17,"column":3361},"end":{"line":17,"column":3377}},"109":{"start":{"line":17,"column":3379},"end":{"line":17,"column":4499}},"110":{"start":{"line":17,"column":3411},"end":{"line":17,"column":3486}},"111":{"start":{"line":17,"column":3438},"end":{"line":17,"column":3486}},"112":{"start":{"line":17,"column":3487},"end":{"line":17,"column":3573}},"113":{"start":{"line":17,"column":3516},"end":{"line":17,"column":3550}},"114":{"start":{"line":17,"column":3540},"end":{"line":17,"column":3550}},"115":{"start":{"line":17,"column":3551},"end":{"line":17,"column":3571}},"116":{"start":{"line":17,"column":3574},"end":{"line":17,"column":4496}},"117":{"start":{"line":17,"column":3642},"end":{"line":17,"column":3658}},"118":{"start":{"line":17,"column":3660},"end":{"line":17,"column":3836}},"119":{"start":{"line":17,"column":3697},"end":{"line":17,"column":3735}},"120":{"start":{"line":17,"column":3737},"end":{"line":17,"column":3834}},"121":{"start":{"line":17,"column":3759},"end":{"line":17,"column":3809}},"122":{"start":{"line":17,"column":3800},"end":{"line":17,"column":3809}},"123":{"start":{"line":17,"column":3810},"end":{"line":17,"column":3832}},"124":{"start":{"line":17,"column":3837},"end":{"line":17,"column":4138}},"125":{"start":{"line":17,"column":3868},"end":{"line":17,"column":3911}},"126":{"start":{"line":17,"column":3916},"end":{"line":17,"column":4138}},"127":{"start":{"line":17,"column":3950},"end":{"line":17,"column":4021}},"128":{"start":{"line":17,"column":3982},"end":{"line":17,"column":4021}},"129":{"start":{"line":17,"column":4022},"end":{"line":17,"column":4061}},"130":{"start":{"line":17,"column":4069},"end":{"line":17,"column":4138}},"131":{"start":{"line":17,"column":4139},"end":{"line":17,"column":4159}},"132":{"start":{"line":17,"column":4173},"end":{"line":17,"column":4205}},"133":{"start":{"line":17,"column":4207},"end":{"line":17,"column":4392}},"134":{"start":{"line":17,"column":4239},"end":{"line":17,"column":4340}},"135":{"start":{"line":17,"column":4331},"end":{"line":17,"column":4340}},"136":{"start":{"line":17,"column":4341},"end":{"line":17,"column":4390}},"137":{"start":{"line":17,"column":4393},"end":{"line":17,"column":4494}},"138":{"start":{"line":17,"column":4569},"end":{"line":17,"column":4583}},"139":{"start":{"line":17,"column":4594},"end":{"line":17,"column":4623}},"140":{"start":{"line":17,"column":4625},"end":{"line":17,"column":5025}},"141":{"start":{"line":17,"column":4651},"end":{"line":17,"column":5025}},"142":{"start":{"line":17,"column":5039},"end":{"line":17,"column":5087}},"143":{"start":{"line":17,"column":5089},"end":{"line":17,"column":5219}},"144":{"start":{"line":17,"column":5118},"end":{"line":17,"column":5219}},"145":{"start":{"line":17,"column":5231},"end":{"line":17,"column":5241}},"146":{"start":{"line":17,"column":5243},"end":{"line":17,"column":5616}},"147":{"start":{"line":17,"column":5661},"end":{"line":17,"column":5680}},"148":{"start":{"line":17,"column":5682},"end":{"line":17,"column":5820}},"149":{"start":{"line":17,"column":5868},"end":{"line":17,"column":5890}},"150":{"start":{"line":17,"column":5892},"end":{"line":17,"column":5961}},"151":{"start":{"line":17,"column":5996},"end":{"line":17,"column":6092}},"152":{"start":{"line":17,"column":6123},"end":{"line":17,"column":6569}},"153":{"start":{"line":17,"column":6160},"end":{"line":17,"column":6184}},"154":{"start":{"line":17,"column":6186},"end":{"line":17,"column":6243}},"155":{"start":{"line":17,"column":6206},"end":{"line":17,"column":6243}},"156":{"start":{"line":17,"column":6244},"end":{"line":17,"column":6300}},"157":{"start":{"line":17,"column":6284},"end":{"line":17,"column":6300}},"158":{"start":{"line":17,"column":6301},"end":{"line":17,"column":6567}},"159":{"start":{"line":17,"column":6340},"end":{"line":17,"column":6342}},"160":{"start":{"line":17,"column":6351},"end":{"line":17,"column":6539}},"161":{"start":{"line":17,"column":6369},"end":{"line":17,"column":6484}},"162":{"start":{"line":17,"column":6400},"end":{"line":17,"column":6484}},"163":{"start":{"line":17,"column":6430},"end":{"line":17,"column":6484}},"164":{"start":{"line":17,"column":6485},"end":{"line":17,"column":6537}},"165":{"start":{"line":17,"column":6541},"end":{"line":17,"column":6565}},"166":{"start":{"line":17,"column":6570},"end":{"line":17,"column":6598}},"167":{"start":{"line":17,"column":6625},"end":{"line":17,"column":6663}},"168":{"start":{"line":17,"column":6666},"end":{"line":17,"column":12089}},"169":{"start":{"line":17,"column":7099},"end":{"line":17,"column":7148}},"170":{"start":{"line":17,"column":7150},"end":{"line":17,"column":7255}},"171":{"start":{"line":17,"column":7294},"end":{"line":17,"column":7535}},"172":{"start":{"line":17,"column":7572},"end":{"line":17,"column":7596}},"173":{"start":{"line":17,"column":7715},"end":{"line":17,"column":7727}},"174":{"start":{"line":17,"column":7849},"end":{"line":17,"column":7899}},"175":{"start":{"line":17,"column":7911},"end":{"line":17,"column":7984}},"176":{"start":{"line":17,"column":7986},"end":{"line":17,"column":8128}},"177":{"start":{"line":17,"column":8076},"end":{"line":17,"column":8124}},"178":{"start":{"line":17,"column":8244},"end":{"line":17,"column":8256}},"179":{"start":{"line":17,"column":8298},"end":{"line":17,"column":8326}},"180":{"start":{"line":17,"column":8376},"end":{"line":17,"column":8387}},"181":{"start":{"line":17,"column":8396},"end":{"line":17,"column":8398}},"182":{"start":{"line":17,"column":8400},"end":{"line":17,"column":8439}},"183":{"start":{"line":17,"column":8424},"end":{"line":17,"column":8439}},"184":{"start":{"line":17,"column":8440},"end":{"line":17,"column":8625}},"185":{"start":{"line":17,"column":8481},"end":{"line":17,"column":8593}},"186":{"start":{"line":17,"column":8514},"end":{"line":17,"column":8524}},"187":{"start":{"line":17,"column":8526},"end":{"line":17,"column":8591}},"188":{"start":{"line":17,"column":8545},"end":{"line":17,"column":8591}},"189":{"start":{"line":17,"column":8594},"end":{"line":17,"column":8622}},"190":{"start":{"line":17,"column":8737},"end":{"line":17,"column":9072}},"191":{"start":{"line":17,"column":8945},"end":{"line":17,"column":9072}},"192":{"start":{"line":17,"column":8968},"end":{"line":17,"column":9072}},"193":{"start":{"line":17,"column":9100},"end":{"line":17,"column":9115}},"194":{"start":{"line":17,"column":9133},"end":{"line":17,"column":9162}},"195":{"start":{"line":17,"column":9164},"end":{"line":17,"column":9218}},"196":{"start":{"line":17,"column":9197},"end":{"line":17,"column":9218}},"197":{"start":{"line":17,"column":9219},"end":{"line":17,"column":9236}},"198":{"start":{"line":17,"column":9299},"end":{"line":17,"column":9330}},"199":{"start":{"line":17,"column":9314},"end":{"line":17,"column":9330}},"200":{"start":{"line":17,"column":9345},"end":{"line":17,"column":9349}},"201":{"start":{"line":17,"column":9382},"end":{"line":17,"column":9527}},"202":{"start":{"line":17,"column":9530},"end":{"line":17,"column":10234}},"203":{"start":{"line":17,"column":9543},"end":{"line":17,"column":9569}},"204":{"start":{"line":17,"column":9598},"end":{"line":17,"column":9616}},"205":{"start":{"line":17,"column":9627},"end":{"line":17,"column":9643}},"206":{"start":{"line":17,"column":9645},"end":{"line":17,"column":9695}},"207":{"start":{"line":17,"column":9674},"end":{"line":17,"column":9695}},"208":{"start":{"line":17,"column":9696},"end":{"line":17,"column":10232}},"209":{"start":{"line":17,"column":9744},"end":{"line":17,"column":9774}},"210":{"start":{"line":17,"column":9789},"end":{"line":17,"column":9821}},"211":{"start":{"line":17,"column":9823},"end":{"line":17,"column":10230}},"212":{"start":{"line":17,"column":9853},"end":{"line":17,"column":9919}},"213":{"start":{"line":17,"column":9885},"end":{"line":17,"column":9919}},"214":{"start":{"line":17,"column":9920},"end":{"line":17,"column":9986}},"215":{"start":{"line":17,"column":9954},"end":{"line":17,"column":9986}},"216":{"start":{"line":17,"column":9994},"end":{"line":17,"column":10230}},"217":{"start":{"line":17,"column":10010},"end":{"line":17,"column":10076}},"218":{"start":{"line":17,"column":10042},"end":{"line":17,"column":10076}},"219":{"start":{"line":17,"column":10086},"end":{"line":17,"column":10161}},"220":{"start":{"line":17,"column":10103},"end":{"line":17,"column":10161}},"221":{"start":{"line":17,"column":10162},"end":{"line":17,"column":10228}},"222":{"start":{"line":17,"column":10196},"end":{"line":17,"column":10228}},"223":{"start":{"line":17,"column":10275},"end":{"line":17,"column":10500}},"224":{"start":{"line":17,"column":10288},"end":{"line":17,"column":10314}},"225":{"start":{"line":17,"column":10343},"end":{"line":17,"column":10361}},"226":{"start":{"line":17,"column":10363},"end":{"line":17,"column":10498}},"227":{"start":{"line":17,"column":10483},"end":{"line":17,"column":10488}},"228":{"start":{"line":17,"column":10490},"end":{"line":17,"column":10496}},"229":{"start":{"line":17,"column":10501},"end":{"line":17,"column":10648}},"230":{"start":{"line":17,"column":10662},"end":{"line":17,"column":10705}},"231":{"start":{"line":17,"column":10707},"end":{"line":17,"column":10869}},"232":{"start":{"line":17,"column":10921},"end":{"line":17,"column":10967}},"233":{"start":{"line":17,"column":10950},"end":{"line":17,"column":10967}},"234":{"start":{"line":17,"column":10968},"end":{"line":17,"column":11245}},"235":{"start":{"line":17,"column":11287},"end":{"line":17,"column":11509}},"236":{"start":{"line":17,"column":11300},"end":{"line":17,"column":11326}},"237":{"start":{"line":17,"column":11355},"end":{"line":17,"column":11373}},"238":{"start":{"line":17,"column":11375},"end":{"line":17,"column":11507}},"239":{"start":{"line":17,"column":11412},"end":{"line":17,"column":11507}},"240":{"start":{"line":17,"column":11546},"end":{"line":17,"column":11794}},"241":{"start":{"line":17,"column":11559},"end":{"line":17,"column":11585}},"242":{"start":{"line":17,"column":11614},"end":{"line":17,"column":11632}},"243":{"start":{"line":17,"column":11634},"end":{"line":17,"column":11792}},"244":{"start":{"line":17,"column":11678},"end":{"line":17,"column":11694}},"245":{"start":{"line":17,"column":11696},"end":{"line":17,"column":11775}},"246":{"start":{"line":17,"column":11740},"end":{"line":17,"column":11750}},"247":{"start":{"line":17,"column":11752},"end":{"line":17,"column":11773}},"248":{"start":{"line":17,"column":11776},"end":{"line":17,"column":11790}},"249":{"start":{"line":17,"column":11795},"end":{"line":17,"column":11836}},"250":{"start":{"line":17,"column":11911},"end":{"line":17,"column":12075}},"251":{"start":{"line":18,"column":77},"end":{"line":18,"column":175}},"252":{"start":{"line":18,"column":94},"end":{"line":18,"column":107}},"253":{"start":{"line":18,"column":121},"end":{"line":18,"column":131}},"254":{"start":{"line":18,"column":151},"end":{"line":18,"column":165}},"255":{"start":{"line":18,"column":166},"end":{"line":18,"column":173}},"256":{"start":{"line":18,"column":176},"end":{"line":18,"column":263}},"257":{"start":{"line":18,"column":193},"end":{"line":18,"column":208}},"258":{"start":{"line":18,"column":218},"end":{"line":18,"column":261}},"259":{"start":{"line":19,"column":33},"end":{"line":19,"column":387}},"260":{"start":{"line":19,"column":65},"end":{"line":19,"column":69}},"261":{"start":{"line":19,"column":78},"end":{"line":19,"column":87}},"262":{"start":{"line":19,"column":89},"end":{"line":19,"column":384}},"263":{"start":{"line":19,"column":147},"end":{"line":19,"column":167}},"264":{"start":{"line":19,"column":193},"end":{"line":19,"column":264}},"265":{"start":{"line":19,"column":290},"end":{"line":19,"column":360}},"266":{"start":{"line":19,"column":363},"end":{"line":19,"column":380}},"267":{"start":{"line":20,"column":21},"end":{"line":23,"column":1}},"268":{"start":{"line":21,"column":11},"end":{"line":21,"column":41}},"269":{"start":{"line":22,"column":2},"end":{"line":22,"column":50}},"270":{"start":{"line":24,"column":0},"end":{"line":24,"column":40}},"271":{"start":{"line":25,"column":31},"end":{"line":46,"column":3}},"272":{"start":{"line":26,"column":13},"end":{"line":42,"column":5}},"273":{"start":{"line":28,"column":4},"end":{"line":41,"column":16}},"274":{"start":{"line":29,"column":6},"end":{"line":40,"column":7}},"275":{"start":{"line":29,"column":16},"end":{"line":40,"column":7}},"276":{"start":{"line":31,"column":10},"end":{"line":31,"column":47}},"277":{"start":{"line":32,"column":10},"end":{"line":32,"column":28}},"278":{"start":{"line":33,"column":10},"end":{"line":33,"column":53}},"279":{"start":{"line":35,"column":10},"end":{"line":35,"column":38}},"280":{"start":{"line":36,"column":10},"end":{"line":36,"column":96}},"281":{"start":{"line":39,"column":10},"end":{"line":39,"column":33}},"282":{"start":{"line":43,"column":2},"end":{"line":45,"column":4}},"283":{"start":{"line":44,"column":4},"end":{"line":44,"column":39}},"284":{"start":{"line":47,"column":0},"end":{"line":47,"column":34}},"285":{"start":{"line":48,"column":31},"end":{"line":68,"column":3}},"286":{"start":{"line":49,"column":14},"end":{"line":64,"column":5}},"287":{"start":{"line":51,"column":4},"end":{"line":63,"column":17}},"288":{"start":{"line":52,"column":6},"end":{"line":62,"column":7}},"289":{"start":{"line":52,"column":16},"end":{"line":62,"column":7}},"290":{"start":{"line":54,"column":10},"end":{"line":54,"column":47}},"291":{"start":{"line":55,"column":10},"end":{"line":55,"column":29}},"292":{"start":{"line":56,"column":10},"end":{"line":58,"column":13}},"293":{"start":{"line":61,"column":10},"end":{"line":61,"column":34}},"294":{"start":{"line":65,"column":2},"end":{"line":67,"column":4}},"295":{"start":{"line":66,"column":4},"end":{"line":66,"column":40}},"296":{"start":{"line":69,"column":0},"end":{"line":69,"column":34}},"297":{"start":{"line":70,"column":34},"end":{"line":90,"column":3}},"298":{"start":{"line":71,"column":14},"end":{"line":86,"column":5}},"299":{"start":{"line":73,"column":4},"end":{"line":85,"column":17}},"300":{"start":{"line":74,"column":6},"end":{"line":84,"column":7}},"301":{"start":{"line":74,"column":16},"end":{"line":84,"column":7}},"302":{"start":{"line":76,"column":10},"end":{"line":76,"column":47}},"303":{"start":{"line":77,"column":10},"end":{"line":77,"column":29}},"304":{"start":{"line":78,"column":10},"end":{"line":80,"column":13}},"305":{"start":{"line":83,"column":10},"end":{"line":83,"column":34}},"306":{"start":{"line":87,"column":2},"end":{"line":89,"column":4}},"307":{"start":{"line":88,"column":4},"end":{"line":88,"column":40}},"308":{"start":{"line":91,"column":0},"end":{"line":91,"column":40}},"309":{"start":{"line":92,"column":31},"end":{"line":125,"column":3}},"310":{"start":{"line":93,"column":14},"end":{"line":121,"column":5}},"311":{"start":{"line":95,"column":4},"end":{"line":120,"column":17}},"312":{"start":{"line":96,"column":6},"end":{"line":119,"column":7}},"313":{"start":{"line":96,"column":16},"end":{"line":119,"column":7}},"314":{"start":{"line":98,"column":10},"end":{"line":98,"column":29}},"315":{"start":{"line":99,"column":10},"end":{"line":99,"column":37}},"316":{"start":{"line":101,"column":10},"end":{"line":101,"column":32}},"317":{"start":{"line":102,"column":10},"end":{"line":104,"column":13}},"318":{"start":{"line":103,"column":12},"end":{"line":103,"column":57}},"319":{"start":{"line":105,"column":10},"end":{"line":113,"column":11}},"320":{"start":{"line":106,"column":12},"end":{"line":106,"column":41}},"321":{"start":{"line":108,"column":12},"end":{"line":108,"column":117}},"322":{"start":{"line":109,"column":12},"end":{"line":112,"column":13}},"323":{"start":{"line":110,"column":14},"end":{"line":110,"column":52}},"324":{"start":{"line":111,"column":14},"end":{"line":111,"column":48}},"325":{"start":{"line":114,"column":10},"end":{"line":114,"column":29}},"326":{"start":{"line":115,"column":10},"end":{"line":115,"column":46}},"327":{"start":{"line":118,"column":10},"end":{"line":118,"column":34}},"328":{"start":{"line":122,"column":2},"end":{"line":124,"column":4}},"329":{"start":{"line":123,"column":4},"end":{"line":123,"column":40}},"330":{"start":{"line":126,"column":0},"end":{"line":126,"column":34}},"331":{"start":{"line":127,"column":34},"end":{"line":147,"column":3}},"332":{"start":{"line":128,"column":14},"end":{"line":143,"column":5}},"333":{"start":{"line":130,"column":4},"end":{"line":142,"column":17}},"334":{"start":{"line":131,"column":6},"end":{"line":141,"column":7}},"335":{"start":{"line":131,"column":16},"end":{"line":141,"column":7}},"336":{"start":{"line":133,"column":10},"end":{"line":133,"column":47}},"337":{"start":{"line":134,"column":10},"end":{"line":134,"column":29}},"338":{"start":{"line":135,"column":10},"end":{"line":137,"column":13}},"339":{"start":{"line":140,"column":10},"end":{"line":140,"column":34}},"340":{"start":{"line":144,"column":2},"end":{"line":146,"column":4}},"341":{"start":{"line":145,"column":4},"end":{"line":145,"column":40}},"342":{"start":{"line":148,"column":0},"end":{"line":148,"column":40}},"343":{"start":{"line":149,"column":34},"end":{"line":188,"column":3}},"344":{"start":{"line":150,"column":14},"end":{"line":184,"column":5}},"345":{"start":{"line":152,"column":4},"end":{"line":183,"column":17}},"346":{"start":{"line":153,"column":6},"end":{"line":182,"column":7}},"347":{"start":{"line":153,"column":16},"end":{"line":182,"column":7}},"348":{"start":{"line":155,"column":10},"end":{"line":155,"column":29}},"349":{"start":{"line":156,"column":10},"end":{"line":156,"column":37}},"350":{"start":{"line":158,"column":10},"end":{"line":158,"column":32}},"351":{"start":{"line":159,"column":10},"end":{"line":166,"column":13}},"352":{"start":{"line":160,"column":12},"end":{"line":164,"column":13}},"353":{"start":{"line":161,"column":14},"end":{"line":163,"column":17}},"354":{"start":{"line":165,"column":12},"end":{"line":165,"column":24}},"355":{"start":{"line":167,"column":10},"end":{"line":170,"column":11}},"356":{"start":{"line":168,"column":12},"end":{"line":168,"column":31}},"357":{"start":{"line":169,"column":12},"end":{"line":169,"column":18}},"358":{"start":{"line":171,"column":10},"end":{"line":171,"column":29}},"359":{"start":{"line":172,"column":10},"end":{"line":172,"column":52}},"360":{"start":{"line":174,"column":10},"end":{"line":174,"column":30}},"361":{"start":{"line":175,"column":10},"end":{"line":175,"column":16}},"362":{"start":{"line":177,"column":10},"end":{"line":177,"column":30}},"363":{"start":{"line":178,"column":10},"end":{"line":178,"column":53}},"364":{"start":{"line":181,"column":10},"end":{"line":181,"column":34}},"365":{"start":{"line":185,"column":2},"end":{"line":187,"column":4}},"366":{"start":{"line":186,"column":4},"end":{"line":186,"column":40}},"367":{"start":{"line":189,"column":0},"end":{"line":189,"column":40}},"368":{"start":{"line":190,"column":21},"end":{"line":198,"column":1}},"369":{"start":{"line":191,"column":20},"end":{"line":191,"column":42}},"370":{"start":{"line":192,"column":2},"end":{"line":197,"column":5}},"371":{"start":{"line":193,"column":4},"end":{"line":196,"column":5}},"372":{"start":{"line":194,"column":17},"end":{"line":194,"column":40}},"373":{"start":{"line":195,"column":6},"end":{"line":195,"column":21}},"374":{"start":{"line":199,"column":0},"end":{"line":199,"column":40}}},"fnMap":{"0":{"name":"_typeof","decl":{"start":{"line":3,"column":9},"end":{"line":3,"column":16}},"loc":{"start":{"line":3,"column":22},"end":{"line":3,"column":336}},"line":3},"1":{"name":"(anonymous_1)","decl":{"start":{"line":3,"column":136},"end":{"line":3,"column":137}},"loc":{"start":{"line":3,"column":151},"end":{"line":3,"column":173}},"line":3},"2":{"name":"(anonymous_2)","decl":{"start":{"line":3,"column":176},"end":{"line":3,"column":177}},"loc":{"start":{"line":3,"column":191},"end":{"line":3,"column":319}},"line":3},"3":{"name":"ownKeys","decl":{"start":{"line":10,"column":9},"end":{"line":10,"column":16}},"loc":{"start":{"line":10,"column":41},"end":{"line":10,"column":341}},"line":10},"4":{"name":"(anonymous_4)","decl":{"start":{"line":10,"column":207},"end":{"line":10,"column":208}},"loc":{"start":{"line":10,"column":222},"end":{"line":10,"column":289}},"line":10},"5":{"name":"_objectSpread","decl":{"start":{"line":11,"column":9},"end":{"line":11,"column":22}},"loc":{"start":{"line":11,"column":31},"end":{"line":11,"column":506}},"line":11},"6":{"name":"(anonymous_6)","decl":{"start":{"line":11,"column":177},"end":{"line":11,"column":178}},"loc":{"start":{"line":11,"column":192},"end":{"line":11,"column":238}},"line":11},"7":{"name":"(anonymous_7)","decl":{"start":{"line":11,"column":385},"end":{"line":11,"column":386}},"loc":{"start":{"line":11,"column":400},"end":{"line":11,"column":485}},"line":11},"8":{"name":"_defineProperty","decl":{"start":{"line":12,"column":9},"end":{"line":12,"column":24}},"loc":{"start":{"line":12,"column":42},"end":{"line":12,"column":236}},"line":12},"9":{"name":"_toPropertyKey","decl":{"start":{"line":13,"column":9},"end":{"line":13,"column":23}},"loc":{"start":{"line":13,"column":29},"end":{"line":13,"column":125}},"line":13},"10":{"name":"_toPrimitive","decl":{"start":{"line":14,"column":9},"end":{"line":14,"column":21}},"loc":{"start":{"line":14,"column":35},"end":{"line":14,"column":381}},"line":14},"11":{"name":"_objectWithoutProperties","decl":{"start":{"line":15,"column":9},"end":{"line":15,"column":33}},"loc":{"start":{"line":15,"column":52},"end":{"line":15,"column":492}},"line":15},"12":{"name":"_objectWithoutPropertiesLoose","decl":{"start":{"line":16,"column":9},"end":{"line":16,"column":38}},"loc":{"start":{"line":16,"column":57},"end":{"line":16,"column":307}},"line":16},"13":{"name":"_regeneratorRuntime","decl":{"start":{"line":17,"column":9},"end":{"line":17,"column":28}},"loc":{"start":{"line":17,"column":31},"end":{"line":17,"column":12091}},"line":17},"14":{"name":"_regeneratorRuntime","decl":{"start":{"line":17,"column":227},"end":{"line":17,"column":246}},"loc":{"start":{"line":17,"column":249},"end":{"line":17,"column":268}},"line":17},"15":{"name":"(anonymous_15)","decl":{"start":{"line":17,"column":381},"end":{"line":17,"column":382}},"loc":{"start":{"line":17,"column":407},"end":{"line":17,"column":433}},"line":17},"16":{"name":"define","decl":{"start":{"line":17,"column":674},"end":{"line":17,"column":680}},"loc":{"start":{"line":17,"column":698},"end":{"line":17,"column":817}},"line":17},"17":{"name":"define","decl":{"start":{"line":17,"column":874},"end":{"line":17,"column":880}},"loc":{"start":{"line":17,"column":898},"end":{"line":17,"column":926}},"line":17},"18":{"name":"wrap","decl":{"start":{"line":17,"column":939},"end":{"line":17,"column":943}},"loc":{"start":{"line":17,"column":981},"end":{"line":17,"column":1282}},"line":17},"19":{"name":"tryCatch","decl":{"start":{"line":17,"column":1292},"end":{"line":17,"column":1300}},"loc":{"start":{"line":17,"column":1315},"end":{"line":17,"column":1429}},"line":17},"20":{"name":"Generator","decl":{"start":{"line":17,"column":1487},"end":{"line":17,"column":1496}},"loc":{"start":{"line":17,"column":1499},"end":{"line":17,"column":1501}},"line":17},"21":{"name":"GeneratorFunction","decl":{"start":{"line":17,"column":1511},"end":{"line":17,"column":1528}},"loc":{"start":{"line":17,"column":1531},"end":{"line":17,"column":1533}},"line":17},"22":{"name":"GeneratorFunctionPrototype","decl":{"start":{"line":17,"column":1543},"end":{"line":17,"column":1569}},"loc":{"start":{"line":17,"column":1572},"end":{"line":17,"column":1574}},"line":17},"23":{"name":"(anonymous_23)","decl":{"start":{"line":17,"column":1645},"end":{"line":17,"column":1646}},"loc":{"start":{"line":17,"column":1657},"end":{"line":17,"column":1673}},"line":17},"24":{"name":"defineIteratorMethods","decl":{"start":{"line":17,"column":2061},"end":{"line":17,"column":2082}},"loc":{"start":{"line":17,"column":2094},"end":{"line":17,"column":2238}},"line":17},"25":{"name":"(anonymous_25)","decl":{"start":{"line":17,"column":2132},"end":{"line":17,"column":2133}},"loc":{"start":{"line":17,"column":2150},"end":{"line":17,"column":2234}},"line":17},"26":{"name":"(anonymous_26)","decl":{"start":{"line":17,"column":2178},"end":{"line":17,"column":2179}},"loc":{"start":{"line":17,"column":2193},"end":{"line":17,"column":2230}},"line":17},"27":{"name":"AsyncIterator","decl":{"start":{"line":17,"column":2248},"end":{"line":17,"column":2261}},"loc":{"start":{"line":17,"column":2286},"end":{"line":17,"column":3296}},"line":17},"28":{"name":"invoke","decl":{"start":{"line":17,"column":2297},"end":{"line":17,"column":2303}},"loc":{"start":{"line":17,"column":2334},"end":{"line":17,"column":2908}},"line":17},"29":{"name":"(anonymous_29)","decl":{"start":{"line":17,"column":2590},"end":{"line":17,"column":2591}},"loc":{"start":{"line":17,"column":2607},"end":{"line":17,"column":2650}},"line":17},"30":{"name":"(anonymous_30)","decl":{"start":{"line":17,"column":2652},"end":{"line":17,"column":2653}},"loc":{"start":{"line":17,"column":2667},"end":{"line":17,"column":2709}},"line":17},"31":{"name":"(anonymous_31)","decl":{"start":{"line":17,"column":2745},"end":{"line":17,"column":2746}},"loc":{"start":{"line":17,"column":2766},"end":{"line":17,"column":2812}},"line":17},"32":{"name":"(anonymous_32)","decl":{"start":{"line":17,"column":2814},"end":{"line":17,"column":2815}},"loc":{"start":{"line":17,"column":2831},"end":{"line":17,"column":2882}},"line":17},"33":{"name":"value","decl":{"start":{"line":17,"column":2980},"end":{"line":17,"column":2985}},"loc":{"start":{"line":17,"column":2999},"end":{"line":17,"column":3290}},"line":17},"34":{"name":"callInvokeWithMethodAndArg","decl":{"start":{"line":17,"column":3010},"end":{"line":17,"column":3036}},"loc":{"start":{"line":17,"column":3039},"end":{"line":17,"column":3136}},"line":17},"35":{"name":"(anonymous_35)","decl":{"start":{"line":17,"column":3064},"end":{"line":17,"column":3065}},"loc":{"start":{"line":17,"column":3091},"end":{"line":17,"column":3132}},"line":17},"36":{"name":"makeInvokeMethod","decl":{"start":{"line":17,"column":3306},"end":{"line":17,"column":3322}},"loc":{"start":{"line":17,"column":3347},"end":{"line":17,"column":4501}},"line":17},"37":{"name":"(anonymous_37)","decl":{"start":{"line":17,"column":3386},"end":{"line":17,"column":3387}},"loc":{"start":{"line":17,"column":3409},"end":{"line":17,"column":4498}},"line":17},"38":{"name":"maybeInvokeDelegate","decl":{"start":{"line":17,"column":4511},"end":{"line":17,"column":4530}},"loc":{"start":{"line":17,"column":4550},"end":{"line":17,"column":5618}},"line":17},"39":{"name":"pushTryEntry","decl":{"start":{"line":17,"column":5628},"end":{"line":17,"column":5640}},"loc":{"start":{"line":17,"column":5647},"end":{"line":17,"column":5822}},"line":17},"40":{"name":"resetTryEntry","decl":{"start":{"line":17,"column":5832},"end":{"line":17,"column":5845}},"loc":{"start":{"line":17,"column":5853},"end":{"line":17,"column":5963}},"line":17},"41":{"name":"Context","decl":{"start":{"line":17,"column":5973},"end":{"line":17,"column":5980}},"loc":{"start":{"line":17,"column":5994},"end":{"line":17,"column":6094}},"line":17},"42":{"name":"values","decl":{"start":{"line":17,"column":6104},"end":{"line":17,"column":6110}},"loc":{"start":{"line":17,"column":6121},"end":{"line":17,"column":6600}},"line":17},"43":{"name":"next","decl":{"start":{"line":17,"column":6360},"end":{"line":17,"column":6364}},"loc":{"start":{"line":17,"column":6367},"end":{"line":17,"column":6539}},"line":17},"44":{"name":"doneResult","decl":{"start":{"line":17,"column":6610},"end":{"line":17,"column":6620}},"loc":{"start":{"line":17,"column":6623},"end":{"line":17,"column":6665}},"line":17},"45":{"name":"(anonymous_45)","decl":{"start":{"line":17,"column":7068},"end":{"line":17,"column":7069}},"loc":{"start":{"line":17,"column":7086},"end":{"line":17,"column":7257}},"line":17},"46":{"name":"(anonymous_46)","decl":{"start":{"line":17,"column":7274},"end":{"line":17,"column":7275}},"loc":{"start":{"line":17,"column":7292},"end":{"line":17,"column":7537}},"line":17},"47":{"name":"(anonymous_47)","decl":{"start":{"line":17,"column":7555},"end":{"line":17,"column":7556}},"loc":{"start":{"line":17,"column":7570},"end":{"line":17,"column":7598}},"line":17},"48":{"name":"(anonymous_48)","decl":{"start":{"line":17,"column":7701},"end":{"line":17,"column":7702}},"loc":{"start":{"line":17,"column":7713},"end":{"line":17,"column":7729}},"line":17},"49":{"name":"(anonymous_49)","decl":{"start":{"line":17,"column":7787},"end":{"line":17,"column":7788}},"loc":{"start":{"line":17,"column":7847},"end":{"line":17,"column":8130}},"line":17},"50":{"name":"(anonymous_50)","decl":{"start":{"line":17,"column":8056},"end":{"line":17,"column":8057}},"loc":{"start":{"line":17,"column":8074},"end":{"line":17,"column":8126}},"line":17},"51":{"name":"(anonymous_51)","decl":{"start":{"line":17,"column":8230},"end":{"line":17,"column":8231}},"loc":{"start":{"line":17,"column":8242},"end":{"line":17,"column":8258}},"line":17},"52":{"name":"(anonymous_52)","decl":{"start":{"line":17,"column":8284},"end":{"line":17,"column":8285}},"loc":{"start":{"line":17,"column":8296},"end":{"line":17,"column":8328}},"line":17},"53":{"name":"(anonymous_53)","decl":{"start":{"line":17,"column":8346},"end":{"line":17,"column":8347}},"loc":{"start":{"line":17,"column":8361},"end":{"line":17,"column":8627}},"line":17},"54":{"name":"next","decl":{"start":{"line":17,"column":8472},"end":{"line":17,"column":8476}},"loc":{"start":{"line":17,"column":8479},"end":{"line":17,"column":8624}},"line":17},"55":{"name":"reset","decl":{"start":{"line":17,"column":8714},"end":{"line":17,"column":8719}},"loc":{"start":{"line":17,"column":8735},"end":{"line":17,"column":9074}},"line":17},"56":{"name":"stop","decl":{"start":{"line":17,"column":9091},"end":{"line":17,"column":9095}},"loc":{"start":{"line":17,"column":9098},"end":{"line":17,"column":9238}},"line":17},"57":{"name":"dispatchException","decl":{"start":{"line":17,"column":9268},"end":{"line":17,"column":9285}},"loc":{"start":{"line":17,"column":9297},"end":{"line":17,"column":10236}},"line":17},"58":{"name":"handle","decl":{"start":{"line":17,"column":9360},"end":{"line":17,"column":9366}},"loc":{"start":{"line":17,"column":9380},"end":{"line":17,"column":9529}},"line":17},"59":{"name":"abrupt","decl":{"start":{"line":17,"column":10255},"end":{"line":17,"column":10261}},"loc":{"start":{"line":17,"column":10273},"end":{"line":17,"column":10871}},"line":17},"60":{"name":"complete","decl":{"start":{"line":17,"column":10892},"end":{"line":17,"column":10900}},"loc":{"start":{"line":17,"column":10919},"end":{"line":17,"column":11247}},"line":17},"61":{"name":"finish","decl":{"start":{"line":17,"column":11266},"end":{"line":17,"column":11272}},"loc":{"start":{"line":17,"column":11285},"end":{"line":17,"column":11511}},"line":17},"62":{"name":"_catch","decl":{"start":{"line":17,"column":11529},"end":{"line":17,"column":11535}},"loc":{"start":{"line":17,"column":11544},"end":{"line":17,"column":11838}},"line":17},"63":{"name":"delegateYield","decl":{"start":{"line":17,"column":11864},"end":{"line":17,"column":11877}},"loc":{"start":{"line":17,"column":11909},"end":{"line":17,"column":12077}},"line":17},"64":{"name":"asyncGeneratorStep","decl":{"start":{"line":18,"column":9},"end":{"line":18,"column":27}},"loc":{"start":{"line":18,"column":75},"end":{"line":18,"column":265}},"line":18},"65":{"name":"_asyncToGenerator","decl":{"start":{"line":19,"column":9},"end":{"line":19,"column":26}},"loc":{"start":{"line":19,"column":31},"end":{"line":19,"column":389}},"line":19},"66":{"name":"(anonymous_66)","decl":{"start":{"line":19,"column":40},"end":{"line":19,"column":41}},"loc":{"start":{"line":19,"column":52},"end":{"line":19,"column":386}},"line":19},"67":{"name":"(anonymous_67)","decl":{"start":{"line":19,"column":108},"end":{"line":19,"column":109}},"loc":{"start":{"line":19,"column":135},"end":{"line":19,"column":382}},"line":19},"68":{"name":"_next","decl":{"start":{"line":19,"column":178},"end":{"line":19,"column":183}},"loc":{"start":{"line":19,"column":191},"end":{"line":19,"column":266}},"line":19},"69":{"name":"_throw","decl":{"start":{"line":19,"column":276},"end":{"line":19,"column":282}},"loc":{"start":{"line":19,"column":288},"end":{"line":19,"column":362}},"line":19},"70":{"name":"getUserCartRef","decl":{"start":{"line":20,"column":30},"end":{"line":20,"column":44}},"loc":{"start":{"line":20,"column":53},"end":{"line":23,"column":1}},"line":20},"71":{"name":"(anonymous_71)","decl":{"start":{"line":25,"column":31},"end":{"line":25,"column":32}},"loc":{"start":{"line":25,"column":43},"end":{"line":46,"column":1}},"line":25},"72":{"name":"_callee","decl":{"start":{"line":26,"column":81},"end":{"line":26,"column":88}},"loc":{"start":{"line":26,"column":97},"end":{"line":42,"column":3}},"line":26},"73":{"name":"_callee$","decl":{"start":{"line":28,"column":47},"end":{"line":28,"column":55}},"loc":{"start":{"line":28,"column":66},"end":{"line":41,"column":5}},"line":28},"74":{"name":"getUserCart","decl":{"start":{"line":43,"column":18},"end":{"line":43,"column":29}},"loc":{"start":{"line":43,"column":34},"end":{"line":45,"column":3}},"line":43},"75":{"name":"(anonymous_75)","decl":{"start":{"line":48,"column":31},"end":{"line":48,"column":32}},"loc":{"start":{"line":48,"column":43},"end":{"line":68,"column":1}},"line":48},"76":{"name":"_callee2","decl":{"start":{"line":49,"column":82},"end":{"line":49,"column":90}},"loc":{"start":{"line":49,"column":105},"end":{"line":64,"column":3}},"line":49},"77":{"name":"_callee2$","decl":{"start":{"line":51,"column":47},"end":{"line":51,"column":56}},"loc":{"start":{"line":51,"column":68},"end":{"line":63,"column":5}},"line":51},"78":{"name":"setUserCart","decl":{"start":{"line":65,"column":18},"end":{"line":65,"column":29}},"loc":{"start":{"line":65,"column":40},"end":{"line":67,"column":3}},"line":65},"79":{"name":"(anonymous_79)","decl":{"start":{"line":70,"column":34},"end":{"line":70,"column":35}},"loc":{"start":{"line":70,"column":46},"end":{"line":90,"column":1}},"line":70},"80":{"name":"_callee3","decl":{"start":{"line":71,"column":82},"end":{"line":71,"column":90}},"loc":{"start":{"line":71,"column":112},"end":{"line":86,"column":3}},"line":71},"81":{"name":"_callee3$","decl":{"start":{"line":73,"column":47},"end":{"line":73,"column":56}},"loc":{"start":{"line":73,"column":68},"end":{"line":85,"column":5}},"line":73},"82":{"name":"updateCartItem","decl":{"start":{"line":87,"column":18},"end":{"line":87,"column":32}},"loc":{"start":{"line":87,"column":43},"end":{"line":89,"column":3}},"line":87},"83":{"name":"(anonymous_83)","decl":{"start":{"line":92,"column":31},"end":{"line":92,"column":32}},"loc":{"start":{"line":92,"column":43},"end":{"line":125,"column":1}},"line":92},"84":{"name":"_callee4","decl":{"start":{"line":93,"column":82},"end":{"line":93,"column":90}},"loc":{"start":{"line":93,"column":118},"end":{"line":121,"column":3}},"line":93},"85":{"name":"_callee4$","decl":{"start":{"line":95,"column":47},"end":{"line":95,"column":56}},"loc":{"start":{"line":95,"column":68},"end":{"line":120,"column":5}},"line":95},"86":{"name":"(anonymous_86)","decl":{"start":{"line":102,"column":35},"end":{"line":102,"column":36}},"loc":{"start":{"line":102,"column":54},"end":{"line":104,"column":11}},"line":102},"87":{"name":"addCartItem","decl":{"start":{"line":122,"column":18},"end":{"line":122,"column":29}},"loc":{"start":{"line":122,"column":45},"end":{"line":124,"column":3}},"line":122},"88":{"name":"(anonymous_88)","decl":{"start":{"line":127,"column":34},"end":{"line":127,"column":35}},"loc":{"start":{"line":127,"column":46},"end":{"line":147,"column":1}},"line":127},"89":{"name":"_callee5","decl":{"start":{"line":128,"column":82},"end":{"line":128,"column":90}},"loc":{"start":{"line":128,"column":111},"end":{"line":143,"column":3}},"line":128},"90":{"name":"_callee5$","decl":{"start":{"line":130,"column":47},"end":{"line":130,"column":56}},"loc":{"start":{"line":130,"column":68},"end":{"line":142,"column":5}},"line":130},"91":{"name":"deleteCartItem","decl":{"start":{"line":144,"column":18},"end":{"line":144,"column":32}},"loc":{"start":{"line":144,"column":44},"end":{"line":146,"column":3}},"line":144},"92":{"name":"(anonymous_92)","decl":{"start":{"line":149,"column":34},"end":{"line":149,"column":35}},"loc":{"start":{"line":149,"column":46},"end":{"line":188,"column":1}},"line":149},"93":{"name":"_callee6","decl":{"start":{"line":150,"column":82},"end":{"line":150,"column":90}},"loc":{"start":{"line":150,"column":111},"end":{"line":184,"column":3}},"line":150},"94":{"name":"_callee6$","decl":{"start":{"line":152,"column":47},"end":{"line":152,"column":56}},"loc":{"start":{"line":152,"column":68},"end":{"line":183,"column":5}},"line":152},"95":{"name":"(anonymous_95)","decl":{"start":{"line":159,"column":33},"end":{"line":159,"column":34}},"loc":{"start":{"line":159,"column":49},"end":{"line":166,"column":11}},"line":159},"96":{"name":"removeCartItem","decl":{"start":{"line":185,"column":18},"end":{"line":185,"column":32}},"loc":{"start":{"line":185,"column":45},"end":{"line":187,"column":3}},"line":185},"97":{"name":"onCartSnapshot","decl":{"start":{"line":190,"column":30},"end":{"line":190,"column":44}},"loc":{"start":{"line":190,"column":63},"end":{"line":198,"column":1}},"line":190},"98":{"name":"(anonymous_98)","decl":{"start":{"line":192,"column":49},"end":{"line":192,"column":50}},"loc":{"start":{"line":192,"column":72},"end":{"line":197,"column":3}},"line":192}},"branchMap":{"0":{"loc":{"start":{"line":3,"column":68},"end":{"line":3,"column":319}},"type":"cond-expr","locations":[{"start":{"line":3,"column":136},"end":{"line":3,"column":173}},{"start":{"line":3,"column":176},"end":{"line":3,"column":319}}],"line":3},"1":{"loc":{"start":{"line":3,"column":68},"end":{"line":3,"column":133}},"type":"binary-expr","locations":[{"start":{"line":3,"column":68},"end":{"line":3,"column":95}},{"start":{"line":3,"column":99},"end":{"line":3,"column":133}}],"line":3},"2":{"loc":{"start":{"line":3,"column":200},"end":{"line":3,"column":316}},"type":"cond-expr","locations":[{"start":{"line":3,"column":295},"end":{"line":3,"column":303}},{"start":{"line":3,"column":306},"end":{"line":3,"column":316}}],"line":3},"3":{"loc":{"start":{"line":3,"column":200},"end":{"line":3,"column":292}},"type":"binary-expr","locations":[{"start":{"line":3,"column":200},"end":{"line":3,"column":203}},{"start":{"line":3,"column":207},"end":{"line":3,"column":234}},{"start":{"line":3,"column":238},"end":{"line":3,"column":264}},{"start":{"line":3,"column":268},"end":{"line":3,"column":292}}],"line":3},"4":{"loc":{"start":{"line":10,"column":75},"end":{"line":10,"column":326}},"type":"if","locations":[{"start":{"line":10,"column":75},"end":{"line":10,"column":326}},{"start":{"line":10,"column":75},"end":{"line":10,"column":326}}],"line":10},"5":{"loc":{"start":{"line":10,"column":163},"end":{"line":10,"column":291}},"type":"binary-expr","locations":[{"start":{"line":10,"column":163},"end":{"line":10,"column":177}},{"start":{"line":10,"column":182},"end":{"line":10,"column":290}}],"line":10},"6":{"loc":{"start":{"line":11,"column":91},"end":{"line":11,"column":131}},"type":"cond-expr","locations":[{"start":{"line":11,"column":114},"end":{"line":11,"column":126}},{"start":{"line":11,"column":129},"end":{"line":11,"column":131}}],"line":11},"7":{"loc":{"start":{"line":11,"column":133},"end":{"line":11,"column":486}},"type":"cond-expr","locations":[{"start":{"line":11,"column":141},"end":{"line":11,"column":239}},{"start":{"line":11,"column":242},"end":{"line":11,"column":486}}],"line":11},"8":{"loc":{"start":{"line":11,"column":242},"end":{"line":11,"column":486}},"type":"cond-expr","locations":[{"start":{"line":11,"column":277},"end":{"line":11,"column":350}},{"start":{"line":11,"column":353},"end":{"line":11,"column":486}}],"line":11},"9":{"loc":{"start":{"line":12,"column":71},"end":{"line":12,"column":222}},"type":"if","locations":[{"start":{"line":12,"column":71},"end":{"line":12,"column":222}},{"start":{"line":12,"column":71},"end":{"line":12,"column":222}}],"line":12},"10":{"loc":{"start":{"line":13,"column":77},"end":{"line":13,"column":122}},"type":"cond-expr","locations":[{"start":{"line":13,"column":105},"end":{"line":13,"column":108}},{"start":{"line":13,"column":111},"end":{"line":13,"column":122}}],"line":13},"11":{"loc":{"start":{"line":14,"column":37},"end":{"line":14,"column":101}},"type":"if","locations":[{"start":{"line":14,"column":37},"end":{"line":14,"column":101}},{"start":{"line":14,"column":37},"end":{"line":14,"column":101}}],"line":14},"12":{"loc":{"start":{"line":14,"column":41},"end":{"line":14,"column":86}},"type":"binary-expr","locations":[{"start":{"line":14,"column":41},"end":{"line":14,"column":68}},{"start":{"line":14,"column":72},"end":{"line":14,"column":86}}],"line":14},"13":{"loc":{"start":{"line":14,"column":140},"end":{"line":14,"column":326}},"type":"if","locations":[{"start":{"line":14,"column":140},"end":{"line":14,"column":326}},{"start":{"line":14,"column":140},"end":{"line":14,"column":326}}],"line":14},"14":{"loc":{"start":{"line":14,"column":193},"end":{"line":14,"column":210}},"type":"binary-expr","locations":[{"start":{"line":14,"column":193},"end":{"line":14,"column":197}},{"start":{"line":14,"column":201},"end":{"line":14,"column":210}}],"line":14},"15":{"loc":{"start":{"line":14,"column":213},"end":{"line":14,"column":255}},"type":"if","locations":[{"start":{"line":14,"column":213},"end":{"line":14,"column":255}},{"start":{"line":14,"column":213},"end":{"line":14,"column":255}}],"line":14},"16":{"loc":{"start":{"line":14,"column":335},"end":{"line":14,"column":370}},"type":"cond-expr","locations":[{"start":{"line":14,"column":355},"end":{"line":14,"column":361}},{"start":{"line":14,"column":364},"end":{"line":14,"column":370}}],"line":14},"17":{"loc":{"start":{"line":15,"column":54},"end":{"line":15,"column":84}},"type":"if","locations":[{"start":{"line":15,"column":54},"end":{"line":15,"column":84}},{"start":{"line":15,"column":54},"end":{"line":15,"column":84}}],"line":15},"18":{"loc":{"start":{"line":15,"column":159},"end":{"line":15,"column":475}},"type":"if","locations":[{"start":{"line":15,"column":159},"end":{"line":15,"column":475}},{"start":{"line":15,"column":159},"end":{"line":15,"column":475}}],"line":15},"19":{"loc":{"start":{"line":15,"column":331},"end":{"line":15,"column":372}},"type":"if","locations":[{"start":{"line":15,"column":331},"end":{"line":15,"column":372}},{"start":{"line":15,"column":331},"end":{"line":15,"column":372}}],"line":15},"20":{"loc":{"start":{"line":15,"column":373},"end":{"line":15,"column":444}},"type":"if","locations":[{"start":{"line":15,"column":373},"end":{"line":15,"column":444}},{"start":{"line":15,"column":373},"end":{"line":15,"column":444}}],"line":15},"21":{"loc":{"start":{"line":16,"column":59},"end":{"line":16,"column":89}},"type":"if","locations":[{"start":{"line":16,"column":59},"end":{"line":16,"column":89}},{"start":{"line":16,"column":59},"end":{"line":16,"column":89}}],"line":16},"22":{"loc":{"start":{"line":16,"column":220},"end":{"line":16,"column":261}},"type":"if","locations":[{"start":{"line":16,"column":220},"end":{"line":16,"column":261}},{"start":{"line":16,"column":220},"end":{"line":16,"column":261}}],"line":16},"23":{"loc":{"start":{"line":17,"column":356},"end":{"line":17,"column":433}},"type":"binary-expr","locations":[{"start":{"line":17,"column":356},"end":{"line":17,"column":377}},{"start":{"line":17,"column":381},"end":{"line":17,"column":433}}],"line":17},"24":{"loc":{"start":{"line":17,"column":445},"end":{"line":17,"column":486}},"type":"cond-expr","locations":[{"start":{"line":17,"column":475},"end":{"line":17,"column":481}},{"start":{"line":17,"column":484},"end":{"line":17,"column":486}}],"line":17},"25":{"loc":{"start":{"line":17,"column":505},"end":{"line":17,"column":537}},"type":"binary-expr","locations":[{"start":{"line":17,"column":505},"end":{"line":17,"column":521}},{"start":{"line":17,"column":525},"end":{"line":17,"column":537}}],"line":17},"26":{"loc":{"start":{"line":17,"column":561},"end":{"line":17,"column":603}},"type":"binary-expr","locations":[{"start":{"line":17,"column":561},"end":{"line":17,"column":582}},{"start":{"line":17,"column":586},"end":{"line":17,"column":603}}],"line":17},"27":{"loc":{"start":{"line":17,"column":625},"end":{"line":17,"column":663}},"type":"binary-expr","locations":[{"start":{"line":17,"column":625},"end":{"line":17,"column":644}},{"start":{"line":17,"column":648},"end":{"line":17,"column":663}}],"line":17},"28":{"loc":{"start":{"line":17,"column":1004},"end":{"line":17,"column":1075}},"type":"cond-expr","locations":[{"start":{"line":17,"column":1056},"end":{"line":17,"column":1063}},{"start":{"line":17,"column":1066},"end":{"line":17,"column":1075}}],"line":17},"29":{"loc":{"start":{"line":17,"column":1004},"end":{"line":17,"column":1053}},"type":"binary-expr","locations":[{"start":{"line":17,"column":1004},"end":{"line":17,"column":1011}},{"start":{"line":17,"column":1015},"end":{"line":17,"column":1053}}],"line":17},"30":{"loc":{"start":{"line":17,"column":1152},"end":{"line":17,"column":1169}},"type":"binary-expr","locations":[{"start":{"line":17,"column":1152},"end":{"line":17,"column":1163}},{"start":{"line":17,"column":1167},"end":{"line":17,"column":1169}}],"line":17},"31":{"loc":{"start":{"line":17,"column":1740},"end":{"line":17,"column":1782}},"type":"binary-expr","locations":[{"start":{"line":17,"column":1740},"end":{"line":17,"column":1748}},{"start":{"line":17,"column":1752},"end":{"line":17,"column":1782}}],"line":17},"32":{"loc":{"start":{"line":17,"column":1784},"end":{"line":17,"column":1946}},"type":"binary-expr","locations":[{"start":{"line":17,"column":1784},"end":{"line":17,"column":1807}},{"start":{"line":17,"column":1811},"end":{"line":17,"column":1841}},{"start":{"line":17,"column":1845},"end":{"line":17,"column":1897}},{"start":{"line":17,"column":1902},"end":{"line":17,"column":1945}}],"line":17},"33":{"loc":{"start":{"line":17,"column":2394},"end":{"line":17,"column":2886}},"type":"if","locations":[{"start":{"line":17,"column":2394},"end":{"line":17,"column":2886}},{"start":{"line":17,"column":2394},"end":{"line":17,"column":2886}}],"line":17},"34":{"loc":{"start":{"line":17,"column":2479},"end":{"line":17,"column":2883}},"type":"cond-expr","locations":[{"start":{"line":17,"column":2550},"end":{"line":17,"column":2710}},{"start":{"line":17,"column":2713},"end":{"line":17,"column":2883}}],"line":17},"35":{"loc":{"start":{"line":17,"column":2479},"end":{"line":17,"column":2547}},"type":"binary-expr","locations":[{"start":{"line":17,"column":2479},"end":{"line":17,"column":2484}},{"start":{"line":17,"column":2488},"end":{"line":17,"column":2514}},{"start":{"line":17,"column":2518},"end":{"line":17,"column":2547}}],"line":17},"36":{"loc":{"start":{"line":17,"column":3162},"end":{"line":17,"column":3287}},"type":"cond-expr","locations":[{"start":{"line":17,"column":3180},"end":{"line":17,"column":3256}},{"start":{"line":17,"column":3259},"end":{"line":17,"column":3287}}],"line":17},"37":{"loc":{"start":{"line":17,"column":3411},"end":{"line":17,"column":3486}},"type":"if","locations":[{"start":{"line":17,"column":3411},"end":{"line":17,"column":3486}},{"start":{"line":17,"column":3411},"end":{"line":17,"column":3486}}],"line":17},"38":{"loc":{"start":{"line":17,"column":3487},"end":{"line":17,"column":3573}},"type":"if","locations":[{"start":{"line":17,"column":3487},"end":{"line":17,"column":3573}},{"start":{"line":17,"column":3487},"end":{"line":17,"column":3573}}],"line":17},"39":{"loc":{"start":{"line":17,"column":3516},"end":{"line":17,"column":3550}},"type":"if","locations":[{"start":{"line":17,"column":3516},"end":{"line":17,"column":3550}},{"start":{"line":17,"column":3516},"end":{"line":17,"column":3550}}],"line":17},"40":{"loc":{"start":{"line":17,"column":3660},"end":{"line":17,"column":3836}},"type":"if","locations":[{"start":{"line":17,"column":3660},"end":{"line":17,"column":3836}},{"start":{"line":17,"column":3660},"end":{"line":17,"column":3836}}],"line":17},"41":{"loc":{"start":{"line":17,"column":3737},"end":{"line":17,"column":3834}},"type":"if","locations":[{"start":{"line":17,"column":3737},"end":{"line":17,"column":3834}},{"start":{"line":17,"column":3737},"end":{"line":17,"column":3834}}],"line":17},"42":{"loc":{"start":{"line":17,"column":3759},"end":{"line":17,"column":3809}},"type":"if","locations":[{"start":{"line":17,"column":3759},"end":{"line":17,"column":3809}},{"start":{"line":17,"column":3759},"end":{"line":17,"column":3809}}],"line":17},"43":{"loc":{"start":{"line":17,"column":3837},"end":{"line":17,"column":4138}},"type":"if","locations":[{"start":{"line":17,"column":3837},"end":{"line":17,"column":4138}},{"start":{"line":17,"column":3837},"end":{"line":17,"column":4138}}],"line":17},"44":{"loc":{"start":{"line":17,"column":3916},"end":{"line":17,"column":4138}},"type":"if","locations":[{"start":{"line":17,"column":3916},"end":{"line":17,"column":4138}},{"start":{"line":17,"column":3916},"end":{"line":17,"column":4138}}],"line":17},"45":{"loc":{"start":{"line":17,"column":3950},"end":{"line":17,"column":4021}},"type":"if","locations":[{"start":{"line":17,"column":3950},"end":{"line":17,"column":4021}},{"start":{"line":17,"column":3950},"end":{"line":17,"column":4021}}],"line":17},"46":{"loc":{"start":{"line":17,"column":4069},"end":{"line":17,"column":4137}},"type":"binary-expr","locations":[{"start":{"line":17,"column":4069},"end":{"line":17,"column":4096}},{"start":{"line":17,"column":4100},"end":{"line":17,"column":4137}}],"line":17},"47":{"loc":{"start":{"line":17,"column":4207},"end":{"line":17,"column":4392}},"type":"if","locations":[{"start":{"line":17,"column":4207},"end":{"line":17,"column":4392}},{"start":{"line":17,"column":4207},"end":{"line":17,"column":4392}}],"line":17},"48":{"loc":{"start":{"line":17,"column":4239},"end":{"line":17,"column":4340}},"type":"if","locations":[{"start":{"line":17,"column":4239},"end":{"line":17,"column":4340}},{"start":{"line":17,"column":4239},"end":{"line":17,"column":4340}}],"line":17},"49":{"loc":{"start":{"line":17,"column":4251},"end":{"line":17,"column":4296}},"type":"cond-expr","locations":[{"start":{"line":17,"column":4266},"end":{"line":17,"column":4277}},{"start":{"line":17,"column":4280},"end":{"line":17,"column":4296}}],"line":17},"50":{"loc":{"start":{"line":17,"column":4393},"end":{"line":17,"column":4493}},"type":"binary-expr","locations":[{"start":{"line":17,"column":4393},"end":{"line":17,"column":4416}},{"start":{"line":17,"column":4421},"end":{"line":17,"column":4492}}],"line":17},"51":{"loc":{"start":{"line":17,"column":4625},"end":{"line":17,"column":5025}},"type":"if","locations":[{"start":{"line":17,"column":4625},"end":{"line":17,"column":5025}},{"start":{"line":17,"column":4625},"end":{"line":17,"column":5025}}],"line":17},"52":{"loc":{"start":{"line":17,"column":4683},"end":{"line":17,"column":5006}},"type":"binary-expr","locations":[{"start":{"line":17,"column":4683},"end":{"line":17,"column":4705}},{"start":{"line":17,"column":4709},"end":{"line":17,"column":4733}},{"start":{"line":17,"column":4738},"end":{"line":17,"column":4856}},{"start":{"line":17,"column":4861},"end":{"line":17,"column":4884}},{"start":{"line":17,"column":4889},"end":{"line":17,"column":5005}}],"line":17},"53":{"loc":{"start":{"line":17,"column":5089},"end":{"line":17,"column":5219}},"type":"if","locations":[{"start":{"line":17,"column":5089},"end":{"line":17,"column":5219}},{"start":{"line":17,"column":5089},"end":{"line":17,"column":5219}}],"line":17},"54":{"loc":{"start":{"line":17,"column":5250},"end":{"line":17,"column":5615}},"type":"cond-expr","locations":[{"start":{"line":17,"column":5257},"end":{"line":17,"column":5478}},{"start":{"line":17,"column":5482},"end":{"line":17,"column":5614}}],"line":17},"55":{"loc":{"start":{"line":17,"column":5257},"end":{"line":17,"column":5478}},"type":"cond-expr","locations":[{"start":{"line":17,"column":5270},"end":{"line":17,"column":5470}},{"start":{"line":17,"column":5474},"end":{"line":17,"column":5478}}],"line":17},"56":{"loc":{"start":{"line":17,"column":5346},"end":{"line":17,"column":5427}},"type":"binary-expr","locations":[{"start":{"line":17,"column":5346},"end":{"line":17,"column":5373}},{"start":{"line":17,"column":5378},"end":{"line":17,"column":5426}}],"line":17},"57":{"loc":{"start":{"line":17,"column":5682},"end":{"line":17,"column":5721}},"type":"binary-expr","locations":[{"start":{"line":17,"column":5682},"end":{"line":17,"column":5691}},{"start":{"line":17,"column":5696},"end":{"line":17,"column":5720}}],"line":17},"58":{"loc":{"start":{"line":17,"column":5723},"end":{"line":17,"column":5790}},"type":"binary-expr","locations":[{"start":{"line":17,"column":5723},"end":{"line":17,"column":5732}},{"start":{"line":17,"column":5737},"end":{"line":17,"column":5789}}],"line":17},"59":{"loc":{"start":{"line":17,"column":5868},"end":{"line":17,"column":5890}},"type":"binary-expr","locations":[{"start":{"line":17,"column":5868},"end":{"line":17,"column":5884}},{"start":{"line":17,"column":5888},"end":{"line":17,"column":5890}}],"line":17},"60":{"loc":{"start":{"line":17,"column":6123},"end":{"line":17,"column":6569}},"type":"if","locations":[{"start":{"line":17,"column":6123},"end":{"line":17,"column":6569}},{"start":{"line":17,"column":6123},"end":{"line":17,"column":6569}}],"line":17},"61":{"loc":{"start":{"line":17,"column":6186},"end":{"line":17,"column":6243}},"type":"if","locations":[{"start":{"line":17,"column":6186},"end":{"line":17,"column":6243}},{"start":{"line":17,"column":6186},"end":{"line":17,"column":6243}}],"line":17},"62":{"loc":{"start":{"line":17,"column":6244},"end":{"line":17,"column":6300}},"type":"if","locations":[{"start":{"line":17,"column":6244},"end":{"line":17,"column":6300}},{"start":{"line":17,"column":6244},"end":{"line":17,"column":6300}}],"line":17},"63":{"loc":{"start":{"line":17,"column":6301},"end":{"line":17,"column":6567}},"type":"if","locations":[{"start":{"line":17,"column":6301},"end":{"line":17,"column":6567}},{"start":{"line":17,"column":6301},"end":{"line":17,"column":6567}}],"line":17},"64":{"loc":{"start":{"line":17,"column":6400},"end":{"line":17,"column":6484}},"type":"if","locations":[{"start":{"line":17,"column":6400},"end":{"line":17,"column":6484}},{"start":{"line":17,"column":6400},"end":{"line":17,"column":6484}}],"line":17},"65":{"loc":{"start":{"line":17,"column":7099},"end":{"line":17,"column":7148}},"type":"binary-expr","locations":[{"start":{"line":17,"column":7099},"end":{"line":17,"column":7126}},{"start":{"line":17,"column":7130},"end":{"line":17,"column":7148}}],"line":17},"66":{"loc":{"start":{"line":17,"column":7157},"end":{"line":17,"column":7254}},"type":"binary-expr","locations":[{"start":{"line":17,"column":7157},"end":{"line":17,"column":7163}},{"start":{"line":17,"column":7168},"end":{"line":17,"column":7194}},{"start":{"line":17,"column":7198},"end":{"line":17,"column":7253}}],"line":17},"67":{"loc":{"start":{"line":17,"column":7223},"end":{"line":17,"column":7252}},"type":"binary-expr","locations":[{"start":{"line":17,"column":7223},"end":{"line":17,"column":7239}},{"start":{"line":17,"column":7243},"end":{"line":17,"column":7252}}],"line":17},"68":{"loc":{"start":{"line":17,"column":7301},"end":{"line":17,"column":7488}},"type":"cond-expr","locations":[{"start":{"line":17,"column":7325},"end":{"line":17,"column":7382}},{"start":{"line":17,"column":7386},"end":{"line":17,"column":7487}}],"line":17},"69":{"loc":{"start":{"line":17,"column":7849},"end":{"line":17,"column":7898}},"type":"binary-expr","locations":[{"start":{"line":17,"column":7849},"end":{"line":17,"column":7871}},{"start":{"line":17,"column":7876},"end":{"line":17,"column":7897}}],"line":17},"70":{"loc":{"start":{"line":17,"column":7993},"end":{"line":17,"column":8127}},"type":"cond-expr","locations":[{"start":{"line":17,"column":8032},"end":{"line":17,"column":8036}},{"start":{"line":17,"column":8039},"end":{"line":17,"column":8127}}],"line":17},"71":{"loc":{"start":{"line":17,"column":8083},"end":{"line":17,"column":8123}},"type":"cond-expr","locations":[{"start":{"line":17,"column":8097},"end":{"line":17,"column":8109}},{"start":{"line":17,"column":8112},"end":{"line":17,"column":8123}}],"line":17},"72":{"loc":{"start":{"line":17,"column":8526},"end":{"line":17,"column":8591}},"type":"if","locations":[{"start":{"line":17,"column":8526},"end":{"line":17,"column":8591}},{"start":{"line":17,"column":8526},"end":{"line":17,"column":8591}}],"line":17},"73":{"loc":{"start":{"line":17,"column":8737},"end":{"line":17,"column":9072}},"type":"if","locations":[{"start":{"line":17,"column":8737},"end":{"line":17,"column":9072}},{"start":{"line":17,"column":8737},"end":{"line":17,"column":9072}}],"line":17},"74":{"loc":{"start":{"line":17,"column":8968},"end":{"line":17,"column":9071}},"type":"binary-expr","locations":[{"start":{"line":17,"column":8968},"end":{"line":17,"column":8990}},{"start":{"line":17,"column":8994},"end":{"line":17,"column":9017}},{"start":{"line":17,"column":9021},"end":{"line":17,"column":9043}},{"start":{"line":17,"column":9048},"end":{"line":17,"column":9070}}],"line":17},"75":{"loc":{"start":{"line":17,"column":9164},"end":{"line":17,"column":9218}},"type":"if","locations":[{"start":{"line":17,"column":9164},"end":{"line":17,"column":9218}},{"start":{"line":17,"column":9164},"end":{"line":17,"column":9218}}],"line":17},"76":{"loc":{"start":{"line":17,"column":9299},"end":{"line":17,"column":9330}},"type":"if","locations":[{"start":{"line":17,"column":9299},"end":{"line":17,"column":9330}},{"start":{"line":17,"column":9299},"end":{"line":17,"column":9330}}],"line":17},"77":{"loc":{"start":{"line":17,"column":9456},"end":{"line":17,"column":9516}},"type":"binary-expr","locations":[{"start":{"line":17,"column":9456},"end":{"line":17,"column":9462}},{"start":{"line":17,"column":9467},"end":{"line":17,"column":9515}}],"line":17},"78":{"loc":{"start":{"line":17,"column":9645},"end":{"line":17,"column":9695}},"type":"if","locations":[{"start":{"line":17,"column":9645},"end":{"line":17,"column":9695}},{"start":{"line":17,"column":9645},"end":{"line":17,"column":9695}}],"line":17},"79":{"loc":{"start":{"line":17,"column":9696},"end":{"line":17,"column":10232}},"type":"if","locations":[{"start":{"line":17,"column":9696},"end":{"line":17,"column":10232}},{"start":{"line":17,"column":9696},"end":{"line":17,"column":10232}}],"line":17},"80":{"loc":{"start":{"line":17,"column":9823},"end":{"line":17,"column":10230}},"type":"if","locations":[{"start":{"line":17,"column":9823},"end":{"line":17,"column":10230}},{"start":{"line":17,"column":9823},"end":{"line":17,"column":10230}}],"line":17},"81":{"loc":{"start":{"line":17,"column":9827},"end":{"line":17,"column":9849}},"type":"binary-expr","locations":[{"start":{"line":17,"column":9827},"end":{"line":17,"column":9835}},{"start":{"line":17,"column":9839},"end":{"line":17,"column":9849}}],"line":17},"82":{"loc":{"start":{"line":17,"column":9853},"end":{"line":17,"column":9919}},"type":"if","locations":[{"start":{"line":17,"column":9853},"end":{"line":17,"column":9919}},{"start":{"line":17,"column":9853},"end":{"line":17,"column":9919}}],"line":17},"83":{"loc":{"start":{"line":17,"column":9920},"end":{"line":17,"column":9986}},"type":"if","locations":[{"start":{"line":17,"column":9920},"end":{"line":17,"column":9986}},{"start":{"line":17,"column":9920},"end":{"line":17,"column":9986}}],"line":17},"84":{"loc":{"start":{"line":17,"column":9994},"end":{"line":17,"column":10230}},"type":"if","locations":[{"start":{"line":17,"column":9994},"end":{"line":17,"column":10230}},{"start":{"line":17,"column":9994},"end":{"line":17,"column":10230}}],"line":17},"85":{"loc":{"start":{"line":17,"column":10010},"end":{"line":17,"column":10076}},"type":"if","locations":[{"start":{"line":17,"column":10010},"end":{"line":17,"column":10076}},{"start":{"line":17,"column":10010},"end":{"line":17,"column":10076}}],"line":17},"86":{"loc":{"start":{"line":17,"column":10086},"end":{"line":17,"column":10161}},"type":"if","locations":[{"start":{"line":17,"column":10086},"end":{"line":17,"column":10161}},{"start":{"line":17,"column":10086},"end":{"line":17,"column":10161}}],"line":17},"87":{"loc":{"start":{"line":17,"column":10162},"end":{"line":17,"column":10228}},"type":"if","locations":[{"start":{"line":17,"column":10162},"end":{"line":17,"column":10228}},{"start":{"line":17,"column":10162},"end":{"line":17,"column":10228}}],"line":17},"88":{"loc":{"start":{"line":17,"column":10363},"end":{"line":17,"column":10498}},"type":"if","locations":[{"start":{"line":17,"column":10363},"end":{"line":17,"column":10498}},{"start":{"line":17,"column":10363},"end":{"line":17,"column":10498}}],"line":17},"89":{"loc":{"start":{"line":17,"column":10367},"end":{"line":17,"column":10460}},"type":"binary-expr","locations":[{"start":{"line":17,"column":10367},"end":{"line":17,"column":10392}},{"start":{"line":17,"column":10396},"end":{"line":17,"column":10428}},{"start":{"line":17,"column":10432},"end":{"line":17,"column":10460}}],"line":17},"90":{"loc":{"start":{"line":17,"column":10501},"end":{"line":17,"column":10647}},"type":"binary-expr","locations":[{"start":{"line":17,"column":10501},"end":{"line":17,"column":10513}},{"start":{"line":17,"column":10518},"end":{"line":17,"column":10534}},{"start":{"line":17,"column":10538},"end":{"line":17,"column":10557}},{"start":{"line":17,"column":10562},"end":{"line":17,"column":10588}},{"start":{"line":17,"column":10592},"end":{"line":17,"column":10622}},{"start":{"line":17,"column":10627},"end":{"line":17,"column":10646}}],"line":17},"91":{"loc":{"start":{"line":17,"column":10662},"end":{"line":17,"column":10705}},"type":"cond-expr","locations":[{"start":{"line":17,"column":10677},"end":{"line":17,"column":10700}},{"start":{"line":17,"column":10703},"end":{"line":17,"column":10705}}],"line":17},"92":{"loc":{"start":{"line":17,"column":10752},"end":{"line":17,"column":10868}},"type":"cond-expr","locations":[{"start":{"line":17,"column":10768},"end":{"line":17,"column":10843}},{"start":{"line":17,"column":10847},"end":{"line":17,"column":10868}}],"line":17},"93":{"loc":{"start":{"line":17,"column":10921},"end":{"line":17,"column":10967}},"type":"if","locations":[{"start":{"line":17,"column":10921},"end":{"line":17,"column":10967}},{"start":{"line":17,"column":10921},"end":{"line":17,"column":10967}}],"line":17},"94":{"loc":{"start":{"line":17,"column":10975},"end":{"line":17,"column":11226}},"type":"cond-expr","locations":[{"start":{"line":17,"column":11031},"end":{"line":17,"column":11053}},{"start":{"line":17,"column":11056},"end":{"line":17,"column":11226}}],"line":17},"95":{"loc":{"start":{"line":17,"column":10975},"end":{"line":17,"column":11028}},"type":"binary-expr","locations":[{"start":{"line":17,"column":10975},"end":{"line":17,"column":10998}},{"start":{"line":17,"column":11002},"end":{"line":17,"column":11028}}],"line":17},"96":{"loc":{"start":{"line":17,"column":11056},"end":{"line":17,"column":11226}},"type":"cond-expr","locations":[{"start":{"line":17,"column":11084},"end":{"line":17,"column":11160}},{"start":{"line":17,"column":11164},"end":{"line":17,"column":11226}}],"line":17},"97":{"loc":{"start":{"line":17,"column":11164},"end":{"line":17,"column":11226}},"type":"binary-expr","locations":[{"start":{"line":17,"column":11164},"end":{"line":17,"column":11188}},{"start":{"line":17,"column":11192},"end":{"line":17,"column":11200}},{"start":{"line":17,"column":11205},"end":{"line":17,"column":11225}}],"line":17},"98":{"loc":{"start":{"line":17,"column":11375},"end":{"line":17,"column":11507}},"type":"if","locations":[{"start":{"line":17,"column":11375},"end":{"line":17,"column":11507}},{"start":{"line":17,"column":11375},"end":{"line":17,"column":11507}}],"line":17},"99":{"loc":{"start":{"line":17,"column":11634},"end":{"line":17,"column":11792}},"type":"if","locations":[{"start":{"line":17,"column":11634},"end":{"line":17,"column":11792}},{"start":{"line":17,"column":11634},"end":{"line":17,"column":11792}}],"line":17},"100":{"loc":{"start":{"line":17,"column":11696},"end":{"line":17,"column":11775}},"type":"if","locations":[{"start":{"line":17,"column":11696},"end":{"line":17,"column":11775}},{"start":{"line":17,"column":11696},"end":{"line":17,"column":11775}}],"line":17},"101":{"loc":{"start":{"line":17,"column":12008},"end":{"line":17,"column":12056}},"type":"binary-expr","locations":[{"start":{"line":17,"column":12008},"end":{"line":17,"column":12030}},{"start":{"line":17,"column":12035},"end":{"line":17,"column":12055}}],"line":17},"102":{"loc":{"start":{"line":18,"column":176},"end":{"line":18,"column":263}},"type":"if","locations":[{"start":{"line":18,"column":176},"end":{"line":18,"column":263}},{"start":{"line":18,"column":176},"end":{"line":18,"column":263}}],"line":18},"103":{"loc":{"start":{"line":29,"column":16},"end":{"line":40,"column":7}},"type":"switch","locations":[{"start":{"line":30,"column":8},"end":{"line":33,"column":53}},{"start":{"line":34,"column":8},"end":{"line":36,"column":96}},{"start":{"line":37,"column":8},"end":{"line":37,"column":15}},{"start":{"line":38,"column":8},"end":{"line":39,"column":33}}],"line":29},"104":{"loc":{"start":{"line":36,"column":43},"end":{"line":36,"column":94}},"type":"cond-expr","locations":[{"start":{"line":36,"column":66},"end":{"line":36,"column":89}},{"start":{"line":36,"column":92},"end":{"line":36,"column":94}}],"line":36},"105":{"loc":{"start":{"line":52,"column":16},"end":{"line":62,"column":7}},"type":"switch","locations":[{"start":{"line":53,"column":8},"end":{"line":58,"column":13}},{"start":{"line":59,"column":8},"end":{"line":59,"column":15}},{"start":{"line":60,"column":8},"end":{"line":61,"column":34}}],"line":52},"106":{"loc":{"start":{"line":74,"column":16},"end":{"line":84,"column":7}},"type":"switch","locations":[{"start":{"line":75,"column":8},"end":{"line":80,"column":13}},{"start":{"line":81,"column":8},"end":{"line":81,"column":15}},{"start":{"line":82,"column":8},"end":{"line":83,"column":34}}],"line":74},"107":{"loc":{"start":{"line":96,"column":16},"end":{"line":119,"column":7}},"type":"switch","locations":[{"start":{"line":97,"column":8},"end":{"line":99,"column":37}},{"start":{"line":100,"column":8},"end":{"line":115,"column":46}},{"start":{"line":116,"column":8},"end":{"line":116,"column":15}},{"start":{"line":117,"column":8},"end":{"line":118,"column":34}}],"line":96},"108":{"loc":{"start":{"line":105,"column":10},"end":{"line":113,"column":11}},"type":"if","locations":[{"start":{"line":105,"column":10},"end":{"line":113,"column":11}},{"start":{"line":105,"column":10},"end":{"line":113,"column":11}}],"line":105},"109":{"loc":{"start":{"line":109,"column":12},"end":{"line":112,"column":13}},"type":"if","locations":[{"start":{"line":109,"column":12},"end":{"line":112,"column":13}},{"start":{"line":109,"column":12},"end":{"line":112,"column":13}}],"line":109},"110":{"loc":{"start":{"line":131,"column":16},"end":{"line":141,"column":7}},"type":"switch","locations":[{"start":{"line":132,"column":8},"end":{"line":137,"column":13}},{"start":{"line":138,"column":8},"end":{"line":138,"column":15}},{"start":{"line":139,"column":8},"end":{"line":140,"column":34}}],"line":131},"111":{"loc":{"start":{"line":153,"column":16},"end":{"line":182,"column":7}},"type":"switch","locations":[{"start":{"line":154,"column":8},"end":{"line":156,"column":37}},{"start":{"line":157,"column":8},"end":{"line":172,"column":52}},{"start":{"line":173,"column":8},"end":{"line":175,"column":16}},{"start":{"line":176,"column":8},"end":{"line":178,"column":53}},{"start":{"line":179,"column":8},"end":{"line":179,"column":16}},{"start":{"line":180,"column":8},"end":{"line":181,"column":34}}],"line":153},"112":{"loc":{"start":{"line":160,"column":12},"end":{"line":164,"column":13}},"type":"if","locations":[{"start":{"line":160,"column":12},"end":{"line":164,"column":13}},{"start":{"line":160,"column":12},"end":{"line":164,"column":13}}],"line":160},"113":{"loc":{"start":{"line":160,"column":16},"end":{"line":160,"column":57}},"type":"binary-expr","locations":[{"start":{"line":160,"column":16},"end":{"line":160,"column":41}},{"start":{"line":160,"column":45},"end":{"line":160,"column":57}}],"line":160},"114":{"loc":{"start":{"line":167,"column":10},"end":{"line":170,"column":11}},"type":"if","locations":[{"start":{"line":167,"column":10},"end":{"line":170,"column":11}},{"start":{"line":167,"column":10},"end":{"line":170,"column":11}}],"line":167},"115":{"loc":{"start":{"line":193,"column":4},"end":{"line":196,"column":5}},"type":"if","locations":[{"start":{"line":193,"column":4},"end":{"line":196,"column":5}},{"start":{"lin
[...]
C,EAAA,IAAAC,MAAA,CAAAd,IAAA,CAAA+C,uBAAA,EAAA7B,cAAA,MAAA0B,iBAAA,GAAAG,uBAAA,OAAAE,EAAA,GAAAN,0BAAA,CAAAnC,SAAA,GAAAwB,SAAA,CAAAxB,SAAA,GAAA7C,MAAA,CAAAuE,MAAA,CAAAU,iBAAA,YAAAM,sBAAA1C,SAAA,gCAAA9B,OAAA,WAAAyE,MAAA,IAAA3B,MAAA,CAAAhB,SAAA,EAAA2C,MAAA,YAAA9D,GAAA,gBAAA+D,OAAA,CAAAD,MAAA,EAAA9D,GAAA,sBAAAgE,cAAApB,SAAA,EAAAqB,WAAA,aAAAC,OAAAJ,MAAA,EAAA9D,GAAA,EAAAmE,OAAA,EAAAC,MAAA,QAAAC,MAAA,GAAApB,QAAA,CAAAL,SAAA,CAAAkB,MAAA,GAAAlB,SAAA,EAAA5C,GAAA,mBAAAqE,MAAA,CAAAlB,IAAA,QAAAmB,MAAA,GAAAD,MAAA,CAAArE,GAAA,EAAAJ,KAAA,GAAA0E,MAAA,CAAA1E,KAAA,SAAAA,KAAA,gBAAAM,OAAA,CAAAN,KAAA,KAAA6B,MAAA,CAAAd,IAAA,CAAAf,KAAA,eAAAqE,WAAA,CAAAE,OAAA,CAAAvE,KAAA,CAAA2E,OAAA,EAAAC,IAAA,WAAA5E,KAAA,IAAAsE,MAAA,SAAAtE,KAAA,EAAAuE,OAAA,EAAAC,MAAA,gBAAAhC,GAAA,IAAA8B,MAAA,UAAA9B,GAAA,EAAA+B,OAAA,EAAAC,MAAA,QAAAH,WAAA,CAAAE,OAAA,CAAAvE,KAAA,EAAA4E,IAAA,WAAAC,SAAA,IAAAH,MAAA,CAAA1E,KAAA,GAAA6E,SAAA,EAAAN,OAAA,CAAAG,MAAA,gBAAAI,KAAA,WAAAR,MAAA,UAAAQ,KAAA,EAAAP,OAAA,EAAAC,MAAA,SAAAA,MAAA,CAAAC,MAAA,CAAArE,GAAA,SAAA2E,eAAA,EAAAjF,cAAA,oBAAAE,KAAA,WAAAA,MAAAkE,MAAA,EAAA9D,GAAA,aAAA4E,2BAAA,eAAAX,WAAA,WAAAE,OAAA,EAAAC,MAAA,IAAAF,MAAA,CAAAJ,MAAA,EAAA9D,GAAA,EAAAmE,OAAA,EAAAC,MAAA,gBAAAO,eAAA,GAAAA,eAAA,GAAAA,eAAA,CAAAH,IAAA,CAAAI,0BAAA,EAAAA,0BAAA,IAAAA,0BAAA,qBAAA5B,iBAAAV,OAAA,EAAAE,IAAA,EAAAM,OAAA,QAAA+B,KAAA,sCAAAf,MAAA,EAAA9D,GAAA,wBAAA6E,KAAA,YAAAC,KAAA,sDAAAD,KAAA,oBAAAf,MAAA,QAAA9D,GAAA,SAAA+E,UAAA,WAAAjC,OAAA,CAAAgB,MAAA,GAAAA,MAAA,EAAAhB,OAAA,CAAA9C,GAAA,GAAAA,GAAA,UAAAgF,QAAA,GAAAlC,OAAA,CAAAkC,QAAA,MAAAA,QAAA,QAAAC,cAAA,GAAAC,mBAAA,CAAAF,QAAA,EAAAlC,OAAA,OAAAmC,cAAA,QAAAA,cAAA,KAAA7B,gBAAA,mBAAA6B,cAAA,qBAAAnC,OAAA,CAAAgB,MAAA,EAAAhB,OAAA,CAAAqC,IAAA,GAAArC,OAAA,CAAAsC,KAAA,GAAAtC,OAAA,CAAA9C,GAAA,sBAAA8C,OAAA,CAAAgB,MAAA,6BAAAe,KAAA,QAAAA,KAAA,gBAAA/B,OAAA,CAAA9C,GAAA,EAAA8C,OAAA,CAAAuC,iBAAA,CAAAvC,OAAA,CAAA9C,GAAA,uBAAA8C,OAAA,CAAAgB,MAAA,IAAAhB,OAAA,CAAAwC,MAAA,WAAAxC,OAAA,CAAA9C,GAAA,GAAA6E,KAAA,oBAAAR,MAAA,GAAApB,QAAA,CAAAX,OAAA,EAAAE,IAAA,EAAAM,OAAA,oBAAAuB,MAAA,CAAAlB,IAAA,QAAA0B,KAAA,GAAA/B,OAAA,CAAAyC,IAAA,mCAAAlB,MAAA,CAAArE,GAAA,KAAAoD,gBAAA,qBAAAxD,KAAA,EAAAyE,MAAA,CAAArE,GAAA,EAAAuF,IAAA,EAAAzC,OAAA,CAAAyC,IAAA,kBAAAlB,MAAA,CAAAlB,IAAA,KAAA0B,KAAA,gBAAA/B,OAAA,CAAAgB,MAAA,YAAAhB,OAAA,CAAA9C,GAAA,GAAAqE,MAAA,CAAArE,GAAA,mBAAAkF,oBAAAF,QAAA,EAAAlC,OAAA,QAAA0C,UAAA,GAAA1C,OAAA,CAAAgB,MAAA,EAAAA,MAAA,GAAAkB,QAAA,CAAAlD,QAAA,CAAA0D,UAAA,OAAA/E,SAAA,KAAAqD,MAAA,SAAAhB,OAAA,CAAAkC,QAAA,qBAAAQ,UAAA,IAAAR,QAAA,CAAAlD,QAAA,CAAA2D,MAAA,KAAA3C,OAAA,CAAAgB,MAAA,aAAAhB,OAAA,CAAA9C,GAAA,GAAAS,SAAA,EAAAyE,mBAAA,CAAAF,QAAA,EAAAlC,OAAA,eAAAA,OAAA,CAAAgB,MAAA,kBAAA0B,UAAA,KAAA1C,OAAA,CAAAgB,MAAA,YAAAhB,OAAA,CAAA9C,GAAA,OAAAY,SAAA,uCAAA4E,UAAA,iBAAApC,gBAAA,MAAAiB,MAAA,GAAApB,QAAA,CAAAa,MAAA,EAAAkB,QAAA,CAAAlD,QAAA,EAAAgB,OAAA,CAAA9C,GAAA,mBAAAqE,MAAA,CAAAlB,IAAA,SAAAL,OAAA,CAAAgB,MAAA,YAAAhB,OAAA,CAAA9C,GAAA,GAAAqE,MAAA,CAAArE,GAAA,EAAA8C,OAAA,CAAAkC,QAAA,SAAA5B,gBAAA,MAAAsC,IAAA,GAAArB,MAAA,CAAArE,GAAA,SAAA0F,IAAA,GAAAA,IAAA,CAAAH,IAAA,IAAAzC,OAAA,CAAAkC,QAAA,CAAAW,UAAA,IAAAD,IAAA,CAAA9F,KAAA,EAAAkD,OAAA,CAAA8C,IAAA,GAAAZ,QAAA,CAAAa,OAAA,eAAA/C,OAAA,CAAAgB,MAAA,KAAAhB,OAAA,CAAAgB,MAAA,WAAAhB,OAAA,CAAA9C,GAAA,GAAAS,SAAA,GAAAqC,OAAA,CAAAkC,QAAA,SAAA5B,gBAAA,IAAAsC,IAAA,IAAA5C,OAAA,CAAAgB,MAAA,YAAAhB,OAAA,CAAA9C,GAAA,OAAAY,SAAA,sCAAAkC,OAAA,CAAAkC,QAAA,SAAA5B,gBAAA,cAAA0C,aAAAC,IAAA,QAAAC,KAAA,KAAAC,MAAA,EAAAF,IAAA,YAAAA,IAAA,KAAAC,KAAA,CAAAE,QAAA,GAAAH,IAAA,WAAAA,IAAA,KAAAC,KAAA,CAAAG,UAAA,GAAAJ,IAAA,KAAAC,KAAA,CAAAI,QAAA,GAAAL,IAAA,WAAAM,UAAA,CAAAxH,IAAA,CAAAmH,KAAA,cAAAM,cAAAN,KAAA,QAAA3B,MAAA,GAAA2B,KAAA,CAAAO,UAAA,QAAAlC,MAAA,CAAAlB,IAAA,oBAAAkB,MAAA,CAAArE,GAAA,EAAAgG,KAAA,CAAAO,UAAA,GAAAlC,MAAA,aAAAtB,QAAAN,WAAA,SAAA4D,UAAA,MAAAJ,MAAA,aAAAxD,WAAA,CAAApD,OAAA,CAAAyG,YAAA,cAAAU,KAAA,iBAAA7C,OAAA8C,QAAA,QAAAA,QAAA,QAAAC,cAAA,GAAAD,QAAA,CAAA5E,cAAA,OAAA6E,cAAA,SAAAA,cAAA,CAAA/F,IAAA,CAAA8F,QAAA,4BAAAA,QAAA,CAAAb,IAAA,SAAAa,QAAA,OAAAE,KAAA,CAAAF,QAAA,CAAAtH,MAAA,SAAAF,CAAA,OAAA2G,IAAA,YAAAA,KAAA,aAAA3G,CAAA,GAAAwH,QAAA,CAAAtH,MAAA,OAAAsC,MAAA,CAAAd,IAAA,CAAA8F,QAAA,EAAAxH,CAAA,UAAA2G,IAAA,CAAAhG,KAAA,GAAA6G,QAAA,CAAAxH,CAAA,GAAA2G,IAAA,CAAAL,IAAA,OAAAK,IAAA,SAAAA,IAAA,CAAAhG,KAAA,GAAAa,SAAA,EAAAmF,IAAA,CAAAL,IAAA,OAAAK,IAAA,YAAAA,IAAA,CAAAA,IAAA,GAAAA,IAAA,eAAAA,IAAA,EAAAb,UAAA,eAAAA,WAAA,aAAAnF,KAAA,EAAAa,SAAA,EAAA8E,IAAA,iBAAAlC,iBAAA,CAAAlC,SAAA,GAAAmC,0BAAA,EAAA5D,cAAA,CAAAkE,EAAA,mBAAAhE,KAAA,EAAA0D,0BAAA,EAAAxD,YAAA,SAAAJ,cAAA,CAAA4D,0BAAA,mBAAA1D,KAAA,EAAAyD,iBAAA,EAAAvD,YAAA,SAAAuD,iBAAA,CAAAuD,WAAA,GAAAzE,MAAA,CAAAmB,0BAAA,EAAArB,iBAAA,wBAAAV,OAAA,CAAAsF,mBAAA,aAAAC,MAAA,QAAAC,IAAA,wBAAAD,MAAA,IAAAA,MAAA,CAAAE,WAAA,WAAAD,IAAA,KAAAA,IAAA,KAAA1D,iBAAA,6BAAA0D,IAAA,CAAAH,WAAA,IAAAG,IAAA,CAAAE,IAAA,OAAA1F,OAAA,CAAA2F,IAAA,aAAAJ,MAAA,WAAAxI,MAAA,CAAA6I,cAAA,GAAA7I,MAAA,CAAA6I,cAAA,CAAAL,MAAA,EAAAxD,0BAAA,KAAAwD,MAAA,CAAAM,SAAA,GAAA9D,0BAAA,EAAAnB,MAAA,CAAA2E,MAAA,EAAA7E,iBAAA,yBAAA6E,MAAA,CAAA3F,SAAA,GAAA7C,MAAA,CAAAuE,MAAA,CAAAe,EAAA,GAAAkD,MAAA,KAAAvF,OAAA,CAAA8F,KAAA,aAAArH,GAAA,aAAAuE,OAAA,EAAAvE,GAAA,OAAA6D,qBAAA,CAAAG,aAAA,CAAA7C,SAAA,GAAAgB,MAAA,CAAA6B,aAAA,CAAA7C,SAAA,EAAAY,mBAAA,iCAAAR,OAAA,CAAAyC,aAAA,GAAAA,aAAA,EAAAzC,OAAA,CAAA+F,KAAA,aAAAhF,OAAA,EAAAC,OAAA,EAAAC,IAAA,EAAAC,WAAA,EAAAwB,WAAA,eAAAA,WAAA,KAAAA,WAAA,GAAAsD,OAAA,OAAAC,IAAA,OAAAxD,aAAA,CAAA3B,IAAA,CAAAC,OAAA,EAAAC,OAAA,EAAAC,IAAA,EAAAC,WAAA,GAAAwB,WAAA,UAAA1C,OAAA,CAAAsF,mBAAA,CAAAtE,OAAA,IAAAiF,IAAA,GAAAA,IAAA,CAAA5B,IAAA,GAAApB,IAAA,WAAAF,MAAA,WAAAA,MAAA,CAAAiB,IAAA,GAAAjB,MAAA,CAAA1E,KAAA,GAAA4H,IAAA,CAAA5B,IAAA,WAAA/B,qBAAA,CAAAD,EAAA,GAAAzB,MAAA,CAAAyB,EAAA,EAAA3B,iBAAA,gBAAAE,MAAA,CAAAyB,EAAA,EAAA/B,cAAA,iCAAAM,MAAA,CAAAyB,EAAA,6DAAArC,OAAA,CAAAlD,IAAA,aAAAoJ,GAAA,QAAAtJ,MAAA,GAAAG,MAAA,CAAAmJ,GAAA,GAAApJ,IAAA,gBAAAiB,GAAA,IAAAnB,MAAA,EAAAE,IAAA,CAAAQ,IAAA,CAAAS,GAAA,UAAAjB,IAAA,CAAAqJ,OAAA,aAAA9B,KAAA,WAAAvH,IAAA,CAAAc,MAAA,SAAAG,GAAA,GAAAjB,IAAA,CAAAsJ,GAAA,QAAArI,GAAA,IAAAnB,MAAA,SAAAyH,IAAA,CAAAhG,KAAA,GAAAN,GAAA,EAAAsG,IAAA,CAAAL,IAAA,OAAAK,IAAA,WAAAA,IAAA,CAAAL,IAAA,OAAAK,IAAA,QAAArE,OAAA,CAAAoC,MAAA,GAAAA,MAAA,EAAAZ,OAAA,CAAA5B,SAAA,KAAA6F,WAAA,EAAAjE,OAAA,EAAAyD,KAAA,WAAAA,MAAAoB,aAAA,aAAAC,IAAA,WAAAjC,IAAA,WAAAT,IAAA,QAAAC,KAAA,GAAA3E,SAAA,OAAA8E,IAAA,YAAAP,QAAA,cAAAlB,MAAA,gBAAA9D,GAAA,GAAAS,SAAA,OAAA4F,UAAA,CAAAhH,OAAA,CAAAiH,aAAA,IAAAsB,aAAA,WAAAX,IAAA,kBAAAA,IAAA,CAAAa,MAAA,OAAArG,MAAA,CAAAd,IAAA,OAAAsG,IAAA,MAAAN,KAAA,EAAAM,IAAA,CAAAc,KAAA,cAAAd,IAAA,IAAAxG,SAAA,MAAAuH,IAAA,WAAAA,KAAA,SAAAzC,IAAA,WAAA0C,UAAA,QAAA5B,UAAA,IAAAE,UAAA,kBAAA0B,UAAA,CAAA9E,IAAA,QAAA8E,UAAA,CAAAjI,GAAA,cAAAkI,IAAA,KAAA7C,iBAAA,WAAAA,kBAAA8C,SAAA,aAAA5C,IAAA,QAAA4C,SAAA,MAAArF,OAAA,kBAAAsF,OAAAC,GAAA,EAAAC,MAAA,WAAAjE,MAAA,CAAAlB,IAAA,YAAAkB,MAAA,CAAArE,GAAA,GAAAmI,SAAA,EAAArF,OAAA,CAAA8C,IAAA,GAAAyC,GAAA,EAAAC,MAAA,KAAAxF,OAAA,CAAAgB,MAAA,WAAAhB,OAAA,CAAA9C,GAAA,GAAAS,SAAA,KAAA6H,MAAA,aAAArJ,CAAA,QAAAoH,UAAA,CAAAlH,MAAA,MAAAF,CAAA,SAAAA,CAAA,QAAA+G,KAAA,QAAAK,UAAA,CAAApH,CAAA,GAAAoF,MAAA,GAAA2B,KAAA,CAAAO,UAAA,iBAAAP,KAAA,CAAAC,MAAA,SAAAmC,MAAA,aAAApC,KAAA,CAAAC,MAAA,SAAA4B,IAAA,QAAAU,QAAA,GAAA9G,MAAA,CAAAd,IAAA,CAAAqF,KAAA,eAAAwC,UAAA,GAAA/G,MAAA,CAAAd,IAAA,CAAAqF,KAAA,qBAAAuC,QAAA,IAAAC,UAAA,aAAAX,IAAA,GAAA7B,KAAA,CAAAE,QAAA,SAAAkC,MAAA,CAAApC,KAAA,CAAAE,QAAA,gBAAA2B,IAAA,GAAA7B,KAAA,CAAAG,UAAA,SAAAiC,MAAA,CAAApC,KAAA,CAAAG,UAAA,cAAAoC,QAAA,aAAAV,IAAA,GAAA7B,KAAA,CAAAE,QAAA,SAAAkC,MAAA,CAAApC,KAAA,CAAAE,QAAA,qBAAAsC,UAAA,YAAA1D,KAAA,qDAAA+C,IAAA,GAAA7B,KAAA,CAAAG,UAAA,SAAAiC,MAAA,CAAApC,KAAA,CAAAG,UAAA,YAAAb,MAAA,WAAAA,OAAAnC,IAAA,EAAAnD,GAAA,aAAAf,CAAA,QAAAoH,UAAA,CAAAlH,MAAA,MAAAF,CAAA,SAAAA,CAAA,QAAA+G,KAAA,QAAAK,UAAA,CAAApH,CAAA,OAAA+G,KAAA,CAAAC,MAAA,SAAA4B,IAAA,IAAApG,MAAA,CAAAd,IAAA,CAAAqF,KAAA,wBAAA6B,IAAA,GAAA7B,KAAA,CAAAG,UAAA,QAAAsC,YAAA,GAAAzC,KAAA,aAAAyC,YAAA,iBAAAtF,IAAA,mBAAAA,IAAA,KAAAsF,YAAA,CAAAxC,MAAA,IAAAjG,GAAA,IAAAA,GAAA,IAAAyI,YAAA,CAAAtC,UAAA,KAAAsC,YAAA,cAAApE,MAAA,GAAAoE,YAAA,GAAAA,YAAA,CAAAlC,UAAA,cAAAlC,MAAA,CAAAlB,IAAA,GAAAA,IAAA,EAAAkB,MAAA,CAAArE,GAAA,GAAAA,GAAA,EAAAyI,YAAA,SAAA3E,MAAA,gBAAA8B,IAAA,GAAA6C,YAAA,CAAAtC,UAAA,EAAA/C,gBAAA,SAAAsF,QAAA,CAAArE,MAAA,MAAAqE,QAAA,WAAAA,SAAArE,MAAA,EAAA+B,QAAA,oBAAA/B,MAAA,CAAAlB,IAAA,QAAAkB,MAAA,CAAArE,GAAA,qBAAAqE,MAAA,CAAAlB,IAAA,mBAAAkB,MAAA,CAAAlB,IAAA,QAAAyC,IAAA,GAAAvB,MAAA,CAAArE,GAAA,gBAAAqE,MAAA,CAAAlB,IAAA,SAAA+E,IAAA,QAAAlI,GAAA,GAAAqE,MAAA,CAAArE,GAAA,OAAA8D,MAAA,kBAAA8B,IAAA,yBAAAvB,MAAA,CAAAlB,IAAA,IAAAiD,QAAA,UAAAR,IAAA,GAAAQ,QAAA,GAAAhD,gBAAA,KAAAuF,MAAA,WAAAA,OAAAxC,UAAA,aAAAlH,CAAA,QAAAoH,UAAA,CAAAlH,MAAA,MAAAF,CAAA,SAAAA,CAAA,QAAA+G,KAAA,QAAAK,UAAA,CAAApH,CAAA,OAAA+G,KAAA,CAAAG,UAAA,KAAAA,UAAA,cAAAuC,QAAA,CAAA1C,KAAA,CAAAO,UAAA,EAAAP,KAAA,CAAAI,QAAA,GAAAE,aAAA,CAAAN,KAAA,GAAA5C,gBAAA,OAAAwF,KAAA,WAAAC,OAAA5C,MAAA,aAAAhH,CAAA,QAAAoH,UAAA,CAAAlH,MAAA,MAAAF,CAAA,SAAAA,CAAA,QAAA+G,KAAA,QAAAK,UAAA,CAAApH,CAAA,OAAA+G,KAAA,CAAAC,MAAA,KAAAA,MAAA,QAAA5B,MAAA,GAAA2B,KAAA,CAAAO,UAAA,kBAAAlC,MAAA,CAAAlB,IAAA,QAAA2F,MAAA,GAAAzE,MAAA,CAAArE,GAAA,EAAAsG,aAAA,CAAAN,KAAA,YAAA8C,MAAA,gBAAAhE,KAAA,8BAAAiE,aAAA,WAAAA,cAAAtC,QAAA,EAAAd,UAAA,EAAAE,OAAA,gBAAAb,QAAA,KAAAlD,QAAA,EAAA6B,MAAA,CAAA8C,QAAA,GAAAd,UAAA,EAAAA,UAAA,EAAAE,OAAA,EAAAA,OAAA,oBAAA/B,MAAA,UAAA9D,GAAA,GAAAS,SAAA,GAAA2C,gBAAA,OAAA7B,OAAA;AAAA,SAAAyH,mBAAAC,GAAA,EAAA9E,OAAA,EAAAC,MAAA,EAAA8E,KAAA,EAAAC,MAAA,EAAA7J,GAAA,EAAAU,GAAA,cAAA0F,IAAA,GAAAuD,GAAA,CAAA3J,GAAA,EAAAU,GAAA,OAAAJ,KAAA,GAAA8F,IAAA,CAAA9F,KAAA,WAAA8E,KAAA,IAAAN,MAAA,CAAAM,KAAA,iBAAAgB,IAAA,CAAAH,IAAA,IAAApB,OAAA,CAAAvE,KAAA,YAAA2H,OAAA,CAAApD,OAAA,CAAAvE,KAAA,EAAA4E,IAAA,CAAA0E,KAAA,EAAAC,MAAA;AAAA,SAAAC,kBAAAlG,EAAA,6BAAAV,IAAA,SAAA6G,IAAA,GAAAnK,SAAA,aAAAqI,OAAA,WAAApD,OAAA,EAAAC,MAAA,QAAA6E,GAAA,GAAA/F,EAAA,CAAApE,KAAA,CAAA0D,IAAA,EAAA6G,IAAA,YAAAH,MAAAtJ,KAAA,IAAAoJ,kBAAA,CAAAC,GAAA,EAAA9E,OAAA,EAAAC,MAAA,EAAA8E,KAAA,EAAAC,MAAA,UAAAvJ,KAAA,cAAAuJ,OAAA/G,GAAA,IAAA4G,kBAAA,CAAAC,GAAA,EAAA9E,OAAA,EAAAC,MAAA,EAAA8E,KAAA,EAAAC,MAAA,WAAA/G,GAAA,KAAA8G,KAAA,CAAAzI,SAAA;AACO,IAAM6I,cAAc,GAAG,SAAjBA,cAAcA,CAAIC,MAAM,EAAK;EACxC,IAAMC,EAAE,GAAG,IAAAC,uBAAY,EAAC,CAAC;EACzB,OAAO,IAAAC,cAAG,EAACF,EAAE,EAAE,OAAO,EAAED,MAAM,CAAC;AACjC,CAAC;AAAChI,OAAA,CAAA+H,cAAA,GAAAA,cAAA;AAEK,IAAMK,WAAW;EAAA,IAAAC,IAAA,GAAAR,iBAAA,eAAA9H,mBAAA,GAAA4F,IAAA,CAAG,SAAA2C,QAAON,MAAM;IAAA,IAAAO,WAAA,EAAAC,WAAA;IAAA,OAAAzI,mBAAA,GAAAe,IAAA,UAAA2H,SAAAC,QAAA;MAAA,kBAAAA,QAAA,CAAApC,IAAA,GAAAoC,QAAA,CAAArE,IAAA;QAAA;UAChCkE,WAAW,GAAGR,cAAc,CAACC,MAAM,CAAC;UAAAU,QAAA,CAAArE,IAAA;UAAA,OAChB,IAAAsE,iBAAM,EAACJ,WAAW,CAAC;QAAA;UAAvCC,WAAW,GAAAE,QAAA,CAAA9E,IAAA;UAAA,OAAA8E,QAAA,CAAA3E,MAAA,WACVyE,WAAW,CAACI,MAAM,CAAC,CAAC,GAAGJ,WAAW,CAACK,IAAI,CAAC,CAAC,CAACC,IAAI,GAAG,EAAE;QAAA;QAAA;UAAA,OAAAJ,QAAA,CAAAjC,IAAA;MAAA;IAAA,GAAA6B,OAAA;EAAA,CAC3D;EAAA,gBAJYF,WAAWA,CAAAW,EAAA;IAAA,OAAAV,IAAA,CAAA9K,KAAA,OAAAI,SAAA;EAAA;AAAA,GAIvB;AAACqC,OAAA,CAAAoI,WAAA,GAAAA,WAAA;AAEK,IAAMY,WAAW;EAAA,IAAAC,KAAA,GAAApB,iBAAA,eAAA9H,mBAAA,GAAA4F,IAAA,CAAG,SAAAuD,SAAOlB,MAAM,EAAEc,IAAI;IAAA,IAAAP,WAAA;IAAA,OAAAxI,mBAAA,GAAAe,IAAA,UAAAqI,UAAAC,SAAA;MAAA,kBAAAA,SAAA,CAAA9C,IAAA,GAAA8C,SAAA,CAAA/E,IAAA;QAAA;UACtCkE,WAAW,GAAGR,cAAc,CAACC,MAAM,CAAC;UAAAoB,SAAA,CAAA/E,IAAA;UAAA,OACpC,IAAAgF,iBAAM,EAACd,WAAW,EAAE;YAAEO,IAAI,EAAJA;UAAK,CAAC,CAAC;QAAA;QAAA;UAAA,OAAAM,SAAA,CAAA3C,IAAA;MAAA;IAAA,GAAAyC,QAAA;EAAA,CACpC;EAAA,gBAHYF,WAAWA,CAAAM,GAAA,EAAAC,GAAA;IAAA,OAAAN,KAAA,CAAA1L,KAAA,OAAAI,SAAA;EAAA;AAAA,GAGvB;AAACqC,OAAA,CAAAgJ,WAAA,GAAAA,WAAA;AAEK,IAAMQ,cAAc;EAAA,IAAAC,KAAA,GAAA5B,iBAAA,eAAA9H,mBAAA,GAAA4F,IAAA,CAAG,SAAA+D,SAAO1B,MAAM,EAAE2B,WAAW;IAAA,IAAApB,WAAA;IAAA,OAAAxI,mBAAA,GAAAe,IAAA,UAAA8I,UAAAC,SAAA;MAAA,kBAAAA,SAAA,CAAAvD,IAAA,GAAAuD,SAAA,CAAAxF,IAAA;QAAA;UAChDkE,WAAW,GAAGR,cAAc,CAACC,MAAM,CAAC;UAAA6B,SAAA,CAAAxF,IAAA;UAAA,OACpC,IAAAyF,oBAAS,EAACvB,WAAW,EAAE;YAAEO,IAAI,EAAEa;UAAY,CAAC,CAAC;QAAA;QAAA;UAAA,OAAAE,SAAA,CAAApD,IAAA;MAAA;IAAA,GAAAiD,QAAA;EAAA,CACpD;EAAA,gBAHYF,cAAcA,CAAAO,GAAA,EAAAC,GAAA;IAAA,OAAAP,KAAA,CAAAlM,KAAA,OAAAI,SAAA;EAAA;AAAA,GAG1B;AAACqC,OAAA,CAAAwJ,cAAA,GAAAA,cAAA;AAEK,IAAMS,WAAW;EAAA,IAAAC,KAAA,GAAArC,iBAAA,eAAA9H,mBAAA,GAAA4F,IAAA,CAAG,SAAAwE,SAAOnC,MAAM,EAAEoC,OAAO,EAAEC,QAAQ;IAAA,IAAAvB,IAAA,EAAAwB,YAAA,EAAAC,WAAA,EAAAC,sBAAA;IAAA,OAAAzK,mBAAA,GAAAe,IAAA,UAAA2J,UAAAC,SAAA;MAAA,kBAAAA,SAAA,CAAApE,IAAA,GAAAoE,SAAA,CAAArG,IAAA;QAAA;UAAAqG,SAAA,CAAArG,IAAA;UAAA,OACtC+D,WAAW,CAACJ,MAAM,CAAC;QAAA;UAAhCc,IAAI,GAAA4B,SAAA,CAAA9G,IAAA;UACJ0G,YAAY,GAAGxB,IAAI,CAAC6B,IAAI,CAAC,UAACC,OAAO;YAAA,OAAKA,OAAO,CAACC,QAAQ,KAAKT,OAAO,CAACS,QAAQ;UAAA,EAAC;UAClF,IAAIP,YAAY,EAAE;YAChBA,YAAY,CAACQ,GAAG,IAAIT,QAAQ;UAC9B,CAAC,MACI;YACKE,WAAW,GAAgCH,OAAO,CAAlDG,WAAW,EAAKC,sBAAsB,GAAAjL,wBAAA,CAAK6K,OAAO,EAAA1N,SAAA;YAC1D,IAAG2N,QAAQ,IAAI,CAAC,EAAC;cACfG,sBAAsB,CAACM,GAAG,GAAGT,QAAQ;cACrCvB,IAAI,CAACxL,IAAI,CAACkN,sBAAsB,CAAC;YACnC;UACF;UAACE,SAAA,CAAArG,IAAA;UAAA,OAEKmF,cAAc,CAACxB,MAAM,EAAEc,IAAI,CAAC;QAAA;QAAA;UAAA,OAAA4B,SAAA,CAAAjE,IAAA;MAAA;IAAA,GAAA0D,QAAA;EAAA,CACnC;EAAA,gBAfYF,WAAWA,CAAAc,GAAA,EAAAC,GAAA,EAAAC,GAAA;IAAA,OAAAf,KAAA,CAAA3M,KAAA,OAAAI,SAAA;EAAA;AAAA,GAevB;AAACqC,OAAA,CAAAiK,WAAA,GAAAA,WAAA;AAEK,IAAMiB,cAAc;EAAA,IAAAC,KAAA,GAAAtD,iBAAA,eAAA9H,mBAAA,GAAA4F,IAAA,CAAG,SAAAyF,SAAOpD,MAAM,EAAEqD,UAAU;IAAA,IAAA9C,WAAA;IAAA,OAAAxI,mBAAA,GAAAe,IAAA,UAAAwK,UAAAC,SAAA;MAAA,kBAAAA,SAAA,CAAAjF,IAAA,GAAAiF,SAAA,CAAAlH,IAAA;QAAA;UAC/CkE,WAAW,GAAGR,cAAc,CAACC,MAAM,CAAC;UAAAuD,SAAA,CAAAlH,IAAA;UAAA,OACpC,IAAAyF,oBAAS,EAACvB,WAAW,EAAE;YAC3BO,IAAI,EAAE,IAAA0C,sBAAW,EAACH,UAAU;UAC9B,CAAC,CAAC;QAAA;QAAA;UAAA,OAAAE,SAAA,CAAA9E,IAAA;MAAA;IAAA,GAAA2E,QAAA;EAAA,CACH;EAAA,gBALYF,cAAcA,CAAAO,GAAA,EAAAC,IAAA;IAAA,OAAAP,KAAA,CAAA5N,KAAA,OAAAI,SAAA;EAAA;AAAA,GAK1B;AAACqC,OAAA,CAAAkL,cAAA,GAAAA,cAAA;AAEK,IAAMS,cAAc;EAAA,IAAAC,KAAA,GAAA/D,iBAAA,eAAA9H,mBAAA,GAAA4F,IAAA,CAAG,SAAAkG,SAAO7D,MAAM,EAAEqD,UAAU;IAAA,IAAAvC,IAAA,EAAAa,WAAA;IAAA,OAAA5J,mBAAA,GAAAe,IAAA,UAAAgL,UAAAC,SAAA;MAAA,kBAAAA,SAAA,CAAAzF,IAAA,GAAAyF,SAAA,CAAA1H,IAAA;QAAA;UAAA0H,SAAA,CAAA1H,IAAA;UAAA,OAClC+D,WAAW,CAACJ,MAAM,CAAC;QAAA;UAAhCc,IAAI,GAAAiD,SAAA,CAAAnI,IAAA;UACJ+F,WAAW,GAAGb,IAAI,CAACkD,GAAG,CAAC,UAACC,IAAI,EAAK;YACnC,IAAIA,IAAI,CAACC,EAAE,KAAKb,UAAU,CAACa,EAAE,IAAID,IAAI,CAACnB,GAAG,GAAG,CAAC,EAAE;cAC7C,OAAAtN,aAAA,CAAAA,aAAA,KAAYyO,IAAI;gBAAEnB,GAAG,EAAEmB,IAAI,CAACnB,GAAG,GAAG;cAAC;YACrC;YACA,OAAOmB,IAAI;UACf,CAAC,CAAC;UAAA,MACEZ,UAAU,CAACP,GAAG,KAAK,CAAC;YAAAiB,SAAA,CAAA1H,IAAA;YAAA;UAAA;UAAA0H,SAAA,CAAA1H,IAAA;UAAA,OAChB6G,cAAc,CAAClD,MAAM,EAAEqD,UAAU,CAAC;QAAA;UAAAU,SAAA,CAAA1H,IAAA;UAAA;QAAA;UAAA0H,SAAA,CAAA1H,IAAA;UAAA,OAElCmF,cAAc,CAACxB,MAAM,EAAE2B,WAAW,CAAC;QAAA;QAAA;UAAA,OAAAoC,SAAA,CAAAtF,IAAA;MAAA;IAAA,GAAAoF,QAAA;EAAA,CAE5C;EAAA,gBAbYF,cAAcA,CAAAQ,IAAA,EAAAC,IAAA;IAAA,OAAAR,KAAA,CAAArO,KAAA,OAAAI,SAAA;EAAA;AAAA,GAa1B;AAACqC,OAAA,CAAA2L,cAAA,GAAAA,cAAA;AAEK,IAAMU,cAAc,GAAG,SAAjBA,cAAcA,CAAIrE,MAAM,EAAEsE,QAAQ,EAAK;EAChD,IAAM/D,WAAW,GAAGR,cAAc,CAACC,MAAM,CAAC;EAC1C,OAAO,IAAAuE,qBAAU,EAAChE,WAAW,EAAE,UAACC,WAAW,EAAK;IAC9C,IAAIA,WAAW,CAACI,MAAM,CAAC,CAAC,EAAE;MACxB,IAAME,IAAI,GAAGN,WAAW,CAACK,IAAI,CAAC,CAAC,CAACC,IAAI;MACpCwD,QAAQ,CAACxD,IAAI,CAAC;IAChB;EACF,CAAC,CAAC;AACJ,CAAC;AAAC9I,OAAA,CAAAqM,cAAA,GAAAA,cAAA"},"_coverageSchema":"1a1c01bbd47fc00a2c39e90264f33305004495a9","hash":"4f7ee0cc3d16476eef46f4ceaf457b896003ad5c","contentHash":"ab460c2cd56e5f89e642eafbc1a31fba0aaddf6744464070a68a8d6004971199"},"C:\\Users\\tntma\\personal-projects\\Dog-Clothing-Store\\shopping-cart\\src\\Firebase.js":{"path":"C:\\Users\\tntma\\personal-projects\\Dog-Clothing-Store\\shopping-cart\\src\\Firebase.js","statementMap":{"0":{"start":{"line":3,"column":0},"end":{"line":5,"column":3}},"1":{"start":{"line":6,"column":0},"end":{"line":6,"column":25}},"2":{"start":{"line":7,"column":11},"end":{"line":7,"column":34}},"3":{"start":{"line":8,"column":17},"end":{"line":8,"column":46}},"4":{"start":{"line":14,"column":21},"end":{"line":21,"column":1}},"5":{"start":{"line":24,"column":14},"end":{"line":24,"column":53}},"6":{"start":{"line":25,"column":9},"end":{"line":25,"column":46}},"7":{"start":{"line":26,"column":0},"end":{"line":26,"column":64}},"8":{"start":{"line":27,"column":25},"end":{"line":27,"column":64}},"9":{"start":{"line":28,"column":0},"end":{"line":35,"column":3}},"10":{"start":{"line":29,"column":2},"end":{"line":32,"column":3}},"11":{"start":{"line":30,"column":21},"end":{"line":30,"column":60}},"12":{"start":{"line":31,"column":4},"end":{"line":31,"column":43}},"13":{"start":{"line":34,"column":2},"end":{"line":34,"column":59}},"14":{"start":{"line":36,"column":15},"end":{"line":36,"column":22}},"15":{"start":{"line":37,"column":0},"end":{"line":37,"column":27}}},"fnMap":{"0":{"name":"(anonymous_0)","decl":{"start":{"line":28,"column":49},"end":{"line":28,"column":50}},"loc":{"start":{"line":28,"column":69},"end":{"line":33,"column":1}},"line":28},"1":{"name":"(anonymous_1)","decl":{"start":{"line":33,"column":9},"end":{"line":33,"column":10}},"loc":{"start":{"line":33,"column":26},"end":{"line":35,"column":1}},"line":33}},"branchMap":{"0":{"loc":{"start":{"line":29,"column":2},"end":{"line":32,"column":3}},"type":"if","locations":[{"start":{"line":29,"column":2},"end":{"line":32,"column":3}},{"start":{"line":29,"column":2},"end":{"line":32,"column":3}}],"line":29}},"s":{"0":1,"1":1,"2":1,"3":1,"4":1,"5":1,"6":1,"7":1,"8":1,"9":1,"10":1,"11":1,"12":1,"13":0,"14":1,"15":1},"f":{"0":1,"1":0},"b":{"0":[1,0]},"inputSourceMap":{"version":3,"names":["_app","require","_firestore","firebaseConfig","apiKey","authDomain","projectId","storageBucket","messagingSenderId","appId","initial","initializeApp","db","getFirestore","connectFirestoreEmulator","cartsCollectionRef","collection","getDocs","then","snapshot","empty","cartDocRef","doc","setDoc","catch","error","console","log","_default","exports","default"],"sourceRoot":"C:\\Users\\tntma\\personal-projects\\Dog-Clothing-Store\\shopping-cart\\src\\","sources":["Firebase.js"],"sourcesContent":["// Import the functions you need from the SDKs you need\r\nimport { initializeApp} from \"firebase/app\";\r\nimport { getFirestore, collection, getDocs, doc, setDoc, connectFirestoreEmulator } from \"firebase/firestore\";\r\n// TODO: Add SDKs for Firebase products that you want to use\r\n// https://firebase.google.com/docs/web/setup#available-libraries\r\n\r\n// Your web app's Firebase configuration\r\nconst firebaseConfig = {\r\n  apiKey: \"AIzaSyDXOBDnig1ibm_ukclEbax_ifSe64QR47o\",\r\n  authDomain: \"web-store-6ff8b.firebaseapp.com\",\r\n  projectId: \"web-store-6ff8b\",\r\n  storageBucket: \"web-store-6ff8b.appspot.com\",\r\n  messagingSenderId: \"2927275070\",\r\n  appId: \"1:2927275070:web:9751a27ac4a9f66337f56f\"\r\n};\r\n\r\n// Initialize Firebase\r\nconst initial = initializeApp(firebaseConfig);\r\n\r\nconst db = getFirestore(initial);\r\nconnectFirestoreEmulator(db, 'localhost', 8080)\r\n\r\n\r\nconst cartsCollectionRef = collection(db, \"carts\");\r\n\r\ngetDocs(cartsCollectionRef)\r\n  .then((snapshot) => {\r\n    if (snapshot.empty) {\r\n      const cartDocRef = doc(cartsCollectionRef);\r\n      setDoc(cartDocRef, {});\r\n    }\r\n  })\r\n  .catch((error) => {\r\n    console.log(\"Error creating 'carts' collection:\", error);\r\n  });\r\n\r\n\r\nexport default initial;"],"mappings":";;;;;;AACA,IAAAA,IAAA,GAAAC,OAAA;AACA,IAAAC,UAAA,GAAAD,OAAA;AAFA;;AAGA;AACA;AAEA;AACA,IAAME,cAAc,GAAG;EACrBC,MAAM,EAAE,yCAAyC;EACjDC,UAAU,EAAE,iCAAiC;EAC7CC,SAAS,EAAE,iBAAiB;EAC5BC,aAAa,EAAE,6BAA6B;EAC5CC,iBAAiB,EAAE,YAAY;EAC/BC,KAAK,EAAE;AACT,CAAC;;AAED;AACA,IAAMC,OAAO,GAAG,IAAAC,kBAAa,EAACR,cAAc,CAAC;AAE7C,IAAMS,EAAE,GAAG,IAAAC,uBAAY,EAACH,OAAO,CAAC;AAChC,IAAAI,mCAAwB,EAACF,EAAE,EAAE,WAAW,EAAE,IAAI,CAAC;AAG/C,IAAMG,kBAAkB,GAAG,IAAAC,qBAAU,EAACJ,EAAE,EAAE,OAAO,CAAC;AAElD,IAAAK,kBAAO,EAACF,kBAAkB,CAAC,CACxBG,IAAI,CAAC,UAACC,QAAQ,EAAK;EAClB,IAAIA,QAAQ,CAACC,KAAK,EAAE;IAClB,IAAMC,UAAU,GAAG,IAAAC,cAAG,EAACP,kBAAkB,CAAC;IAC1C,IAAAQ,iBAAM,EAACF,UAAU,EAAE,CAAC,CAAC,CAAC;EACxB;AACF,CAAC,CAAC,CACDG,KAAK,CAAC,UAACC,KAAK,EAAK;EAChBC,OAAO,CAACC,GAAG,CAAC,oCAAoC,EAAEF,KAAK,CAAC;AAC1D,CAAC,CAAC;AAAC,IAAAG,QAAA,GAGUlB,OAAO;AAAAmB,OAAA,CAAAC,OAAA,GAAAF,QAAA"},"_coverageSchema":"1a1c01bbd47fc00a2c39e90264f33305004495a9","hash":"2459eecbb1a72a58c2ef1d8305dec3faff41fad0","contentHash":"04aed10949447ca8581fda124c16f8d517bc1b9b2aa691938239e15ae3ba6916"}}